[${project.name}][${env:SERVER_PORT}] 2021-11-24 05:04:05,989 INFO [NettyClientSelector_1][Slf4jLoggerFactory.java:95] - closeChannel: close the connection to remote address[] result: true
[${project.name}][${env:SERVER_PORT}] 2021-11-24 05:04:05,989 INFO [NettyClientSelector_1][Slf4jLoggerFactory.java:95] - closeChannel: close the connection to remote address[] result: true
[${project.name}][${env:SERVER_PORT}] 2021-11-24 05:04:35,975 INFO [NettyClientSelector_1][Slf4jLoggerFactory.java:95] - closeChannel: close the connection to remote address[] result: true
[${project.name}][${env:SERVER_PORT}] 2021-11-24 05:04:35,981 INFO [NettyClientSelector_1][Slf4jLoggerFactory.java:95] - closeChannel: close the connection to remote address[] result: true
[${project.name}][${env:SERVER_PORT}] 2021-11-24 05:09:51,727 INFO [NettyClientSelector_1][Slf4jLoggerFactory.java:95] - closeChannel: close the connection to remote address[] result: true
[${project.name}][${env:SERVER_PORT}] 2021-11-24 05:09:51,727 INFO [NettyClientSelector_1][Slf4jLoggerFactory.java:95] - closeChannel: close the connection to remote address[] result: true
[${project.name}][${env:SERVER_PORT}] 2021-11-24 05:10:21,717 INFO [NettyClientSelector_1][Slf4jLoggerFactory.java:95] - closeChannel: close the connection to remote address[] result: true
[${project.name}][${env:SERVER_PORT}] 2021-11-24 05:10:21,725 INFO [NettyClientSelector_1][Slf4jLoggerFactory.java:95] - closeChannel: close the connection to remote address[] result: true
[${project.name}][${env:SERVER_PORT}] 2021-11-24 05:15:27,048 INFO [DiscoveryClient-HeartbeatExecutor-0][DiscoveryClient.java:850] - DiscoveryClient_CONSUMER-SERVICE/consumer-service:192.168.2.8:53050 - Re-registering apps/CONSUMER-SERVICE
[${project.name}][${env:SERVER_PORT}] 2021-11-24 05:15:27,058 INFO [DiscoveryClient-HeartbeatExecutor-0][DiscoveryClient.java:826] - DiscoveryClient_CONSUMER-SERVICE/consumer-service:192.168.2.8:53050: registering service...
[${project.name}][${env:SERVER_PORT}] 2021-11-24 05:15:27,080 INFO [DiscoveryClient-HeartbeatExecutor-0][DiscoveryClient.java:835] - DiscoveryClient_CONSUMER-SERVICE/consumer-service:192.168.2.8:53050 - registration status: 204
[${project.name}][${env:SERVER_PORT}] 2021-11-24 05:15:37,328 INFO [NettyClientSelector_1][Slf4jLoggerFactory.java:95] - closeChannel: close the connection to remote address[] result: true
[${project.name}][${env:SERVER_PORT}] 2021-11-24 05:15:37,328 INFO [NettyClientSelector_1][Slf4jLoggerFactory.java:95] - closeChannel: close the connection to remote address[] result: true
[${project.name}][${env:SERVER_PORT}] 2021-11-24 05:20:53,118 INFO [NettyClientSelector_1][Slf4jLoggerFactory.java:95] - closeChannel: close the connection to remote address[] result: true
[${project.name}][${env:SERVER_PORT}] 2021-11-24 05:20:53,136 INFO [NettyClientSelector_1][Slf4jLoggerFactory.java:95] - closeChannel: close the connection to remote address[] result: true
[${project.name}][${env:SERVER_PORT}] 2021-11-24 05:20:58,617 INFO [AsyncResolver-bootstrap-executor-0][ConfigClusterResolver.java:43] - Resolving eureka endpoints via configuration
[${project.name}][${env:SERVER_PORT}] 2021-11-24 05:21:12,835 INFO [DiscoveryClient-HeartbeatExecutor-0][DiscoveryClient.java:850] - DiscoveryClient_CONSUMER-SERVICE/consumer-service:192.168.2.8:53050 - Re-registering apps/CONSUMER-SERVICE
[${project.name}][${env:SERVER_PORT}] 2021-11-24 05:21:12,836 INFO [DiscoveryClient-HeartbeatExecutor-0][DiscoveryClient.java:826] - DiscoveryClient_CONSUMER-SERVICE/consumer-service:192.168.2.8:53050: registering service...
[${project.name}][${env:SERVER_PORT}] 2021-11-24 05:21:12,843 INFO [DiscoveryClient-HeartbeatExecutor-0][DiscoveryClient.java:835] - DiscoveryClient_CONSUMER-SERVICE/consumer-service:192.168.2.8:53050 - registration status: 204
[${project.name}][${env:SERVER_PORT}] 2021-11-24 05:21:23,047 INFO [NettyClientSelector_1][Slf4jLoggerFactory.java:95] - closeChannel: close the connection to remote address[] result: true
[${project.name}][${env:SERVER_PORT}] 2021-11-24 05:21:23,056 INFO [NettyClientSelector_1][Slf4jLoggerFactory.java:95] - closeChannel: close the connection to remote address[] result: true
[${project.name}][${env:SERVER_PORT}] 2021-11-24 05:26:38,725 INFO [NettyClientSelector_1][Slf4jLoggerFactory.java:95] - closeChannel: close the connection to remote address[] result: true
[${project.name}][${env:SERVER_PORT}] 2021-11-24 05:26:38,725 INFO [NettyClientSelector_1][Slf4jLoggerFactory.java:95] - closeChannel: close the connection to remote address[] result: true
[${project.name}][${env:SERVER_PORT}] 2021-11-24 05:27:08,705 INFO [NettyClientSelector_1][Slf4jLoggerFactory.java:95] - closeChannel: close the connection to remote address[] result: true
[${project.name}][${env:SERVER_PORT}] 2021-11-24 05:27:08,720 INFO [NettyClientSelector_1][Slf4jLoggerFactory.java:95] - closeChannel: close the connection to remote address[] result: true
[${project.name}][${env:SERVER_PORT}] 2021-11-24 05:32:24,338 INFO [NettyClientSelector_1][Slf4jLoggerFactory.java:95] - closeChannel: close the connection to remote address[] result: true
[${project.name}][${env:SERVER_PORT}] 2021-11-24 05:32:24,338 INFO [NettyClientSelector_1][Slf4jLoggerFactory.java:95] - closeChannel: close the connection to remote address[] result: true
[${project.name}][${env:SERVER_PORT}] 2021-11-24 05:37:43,259 INFO [NettyClientSelector_1][Slf4jLoggerFactory.java:95] - closeChannel: close the connection to remote address[] result: true
[${project.name}][${env:SERVER_PORT}] 2021-11-24 05:37:43,258 INFO [NettyClientSelector_1][Slf4jLoggerFactory.java:95] - closeChannel: close the connection to remote address[] result: true
[${project.name}][${env:SERVER_PORT}] 2021-11-24 05:38:00,745 INFO [DiscoveryClient-HeartbeatExecutor-0][DiscoveryClient.java:850] - DiscoveryClient_CONSUMER-SERVICE/consumer-service:192.168.2.8:53050 - Re-registering apps/CONSUMER-SERVICE
[${project.name}][${env:SERVER_PORT}] 2021-11-24 05:38:00,747 INFO [DiscoveryClient-HeartbeatExecutor-0][DiscoveryClient.java:826] - DiscoveryClient_CONSUMER-SERVICE/consumer-service:192.168.2.8:53050: registering service...
[${project.name}][${env:SERVER_PORT}] 2021-11-24 05:38:00,799 INFO [DiscoveryClient-HeartbeatExecutor-0][DiscoveryClient.java:835] - DiscoveryClient_CONSUMER-SERVICE/consumer-service:192.168.2.8:53050 - registration status: 204
[${project.name}][${env:SERVER_PORT}] 2021-11-24 05:38:10,834 INFO [NettyClientSelector_1][Slf4jLoggerFactory.java:95] - closeChannel: close the connection to remote address[] result: true
[${project.name}][${env:SERVER_PORT}] 2021-11-24 05:38:10,842 INFO [NettyClientSelector_1][Slf4jLoggerFactory.java:95] - closeChannel: close the connection to remote address[] result: true
[${project.name}][${env:SERVER_PORT}] 2021-11-24 05:43:20,785 ERROR [DiscoveryClient-HeartbeatExecutor-0][RedirectingEurekaHttpClient.java:91] - Request execution error. endpoint=DefaultEndpoint{ serviceUrl='http://localhost:53000/eureka/}
com.sun.jersey.api.client.ClientHandlerException: java.net.SocketException: Connection reset
	at com.sun.jersey.client.apache4.ApacheHttpClient4Handler.handle(ApacheHttpClient4Handler.java:187)
	at com.sun.jersey.api.client.filter.GZIPContentEncodingFilter.handle(GZIPContentEncodingFilter.java:123)
	at com.netflix.discovery.EurekaIdentityHeaderFilter.handle(EurekaIdentityHeaderFilter.java:27)
	at com.sun.jersey.api.client.Client.handle(Client.java:652)
	at com.sun.jersey.api.client.WebResource.handle(WebResource.java:682)
	at com.sun.jersey.api.client.WebResource.access$200(WebResource.java:74)
	at com.sun.jersey.api.client.WebResource$Builder.put(WebResource.java:529)
	at com.netflix.discovery.shared.transport.jersey.AbstractJerseyEurekaHttpClient.sendHeartBeat(AbstractJerseyEurekaHttpClient.java:102)
	at com.netflix.discovery.shared.transport.decorator.EurekaHttpClientDecorator$3.execute(EurekaHttpClientDecorator.java:92)
	at com.netflix.discovery.shared.transport.decorator.MetricsCollectingEurekaHttpClient.execute(MetricsCollectingEurekaHttpClient.java:73)
	at com.netflix.discovery.shared.transport.decorator.EurekaHttpClientDecorator.sendHeartBeat(EurekaHttpClientDecorator.java:89)
	at com.netflix.discovery.shared.transport.decorator.EurekaHttpClientDecorator$3.execute(EurekaHttpClientDecorator.java:92)
	at com.netflix.discovery.shared.transport.decorator.RedirectingEurekaHttpClient.execute(RedirectingEurekaHttpClient.java:89)
	at com.netflix.discovery.shared.transport.decorator.EurekaHttpClientDecorator.sendHeartBeat(EurekaHttpClientDecorator.java:89)
	at com.netflix.discovery.shared.transport.decorator.EurekaHttpClientDecorator$3.execute(EurekaHttpClientDecorator.java:92)
	at com.netflix.discovery.shared.transport.decorator.RetryableEurekaHttpClient.execute(RetryableEurekaHttpClient.java:120)
	at com.netflix.discovery.shared.transport.decorator.EurekaHttpClientDecorator.sendHeartBeat(EurekaHttpClientDecorator.java:89)
	at com.netflix.discovery.shared.transport.decorator.EurekaHttpClientDecorator$3.execute(EurekaHttpClientDecorator.java:92)
	at com.netflix.discovery.shared.transport.decorator.SessionedEurekaHttpClient.execute(SessionedEurekaHttpClient.java:77)
	at com.netflix.discovery.shared.transport.decorator.EurekaHttpClientDecorator.sendHeartBeat(EurekaHttpClientDecorator.java:89)
	at com.netflix.discovery.DiscoveryClient.renew(DiscoveryClient.java:846)
	at com.netflix.discovery.DiscoveryClient$HeartbeatThread.run(DiscoveryClient.java:1405)
	at java.util.concurrent.Executors$RunnableAdapter.call(Executors.java:511)
	at java.util.concurrent.FutureTask.run(FutureTask.java:266)
	at java.util.concurrent.ThreadPoolExecutor.runWorker(ThreadPoolExecutor.java:1149)
	at java.util.concurrent.ThreadPoolExecutor$Worker.run(ThreadPoolExecutor.java:624)
	at java.lang.Thread.run(Thread.java:748)
Caused by: java.net.SocketException: Connection reset
	at java.net.SocketInputStream.read(SocketInputStream.java:210)
	at java.net.SocketInputStream.read(SocketInputStream.java:141)
	at org.apache.http.impl.io.AbstractSessionInputBuffer.fillBuffer(AbstractSessionInputBuffer.java:161)
	at org.apache.http.impl.io.SocketInputBuffer.fillBuffer(SocketInputBuffer.java:82)
	at org.apache.http.impl.io.AbstractSessionInputBuffer.readLine(AbstractSessionInputBuffer.java:276)
	at org.apache.http.impl.conn.DefaultHttpResponseParser.parseHead(DefaultHttpResponseParser.java:138)
	at org.apache.http.impl.conn.DefaultHttpResponseParser.parseHead(DefaultHttpResponseParser.java:56)
	at org.apache.http.impl.io.AbstractMessageParser.parse(AbstractMessageParser.java:259)
	at org.apache.http.impl.AbstractHttpClientConnection.receiveResponseHeader(AbstractHttpClientConnection.java:294)
	at org.apache.http.impl.conn.DefaultClientConnection.receiveResponseHeader(DefaultClientConnection.java:257)
	at org.apache.http.impl.conn.AbstractClientConnAdapter.receiveResponseHeader(AbstractClientConnAdapter.java:230)
	at org.apache.http.protocol.HttpRequestExecutor.doReceiveResponse(HttpRequestExecutor.java:273)
	at org.apache.http.protocol.HttpRequestExecutor.execute(HttpRequestExecutor.java:125)
	at org.apache.http.impl.client.DefaultRequestDirector.tryExecute(DefaultRequestDirector.java:679)
	at org.apache.http.impl.client.DefaultRequestDirector.execute(DefaultRequestDirector.java:481)
	at org.apache.http.impl.client.AbstractHttpClient.doExecute(AbstractHttpClient.java:835)
	at org.apache.http.impl.client.CloseableHttpClient.execute(CloseableHttpClient.java:118)
	at org.apache.http.impl.client.CloseableHttpClient.execute(CloseableHttpClient.java:56)
	at com.sun.jersey.client.apache4.ApacheHttpClient4Handler.handle(ApacheHttpClient4Handler.java:173)
	... 26 more
[${project.name}][${env:SERVER_PORT}] 2021-11-24 05:43:20,963 WARN [DiscoveryClient-HeartbeatExecutor-0][RetryableEurekaHttpClient.java:130] - Request execution failed with message: java.net.SocketException: Connection reset
[${project.name}][${env:SERVER_PORT}] 2021-11-24 05:43:21,096 INFO [DiscoveryClient-HeartbeatExecutor-0][RetryableEurekaHttpClient.java:124] - Request execution succeeded on retry #1
[${project.name}][${env:SERVER_PORT}] 2021-11-24 05:43:26,422 INFO [NettyClientSelector_1][Slf4jLoggerFactory.java:95] - closeChannel: close the connection to remote address[] result: true
[${project.name}][${env:SERVER_PORT}] 2021-11-24 05:43:26,423 INFO [NettyClientSelector_1][Slf4jLoggerFactory.java:95] - closeChannel: close the connection to remote address[] result: true
[${project.name}][${env:SERVER_PORT}] 2021-11-24 05:43:56,405 INFO [NettyClientSelector_1][Slf4jLoggerFactory.java:95] - closeChannel: close the connection to remote address[] result: true
[${project.name}][${env:SERVER_PORT}] 2021-11-24 05:43:56,411 INFO [NettyClientSelector_1][Slf4jLoggerFactory.java:95] - closeChannel: close the connection to remote address[] result: true
[${project.name}][${env:SERVER_PORT}] 2021-11-24 05:49:12,095 INFO [NettyClientSelector_1][Slf4jLoggerFactory.java:95] - closeChannel: close the connection to remote address[] result: true
[${project.name}][${env:SERVER_PORT}] 2021-11-24 05:49:12,098 INFO [NettyClientSelector_1][Slf4jLoggerFactory.java:95] - closeChannel: close the connection to remote address[] result: true
[${project.name}][${env:SERVER_PORT}] 2021-11-24 05:49:42,080 INFO [NettyClientSelector_1][Slf4jLoggerFactory.java:95] - closeChannel: close the connection to remote address[] result: true
[${project.name}][${env:SERVER_PORT}] 2021-11-24 05:49:42,098 INFO [NettyClientSelector_1][Slf4jLoggerFactory.java:95] - closeChannel: close the connection to remote address[] result: true
[${project.name}][${env:SERVER_PORT}] 2021-11-24 05:54:35,570 INFO [AsyncResolver-bootstrap-executor-0][ConfigClusterResolver.java:43] - Resolving eureka endpoints via configuration
[${project.name}][${env:SERVER_PORT}] 2021-11-24 05:54:52,457 INFO [DiscoveryClient-HeartbeatExecutor-0][DiscoveryClient.java:850] - DiscoveryClient_CONSUMER-SERVICE/consumer-service:192.168.2.8:53050 - Re-registering apps/CONSUMER-SERVICE
[${project.name}][${env:SERVER_PORT}] 2021-11-24 05:54:52,459 INFO [DiscoveryClient-HeartbeatExecutor-0][DiscoveryClient.java:826] - DiscoveryClient_CONSUMER-SERVICE/consumer-service:192.168.2.8:53050: registering service...
[${project.name}][${env:SERVER_PORT}] 2021-11-24 05:54:52,477 INFO [DiscoveryClient-HeartbeatExecutor-0][DiscoveryClient.java:835] - DiscoveryClient_CONSUMER-SERVICE/consumer-service:192.168.2.8:53050 - registration status: 204
[${project.name}][${env:SERVER_PORT}] 2021-11-24 05:54:57,726 INFO [NettyClientSelector_1][Slf4jLoggerFactory.java:95] - closeChannel: close the connection to remote address[] result: true
[${project.name}][${env:SERVER_PORT}] 2021-11-24 05:54:57,726 INFO [NettyClientSelector_1][Slf4jLoggerFactory.java:95] - closeChannel: close the connection to remote address[] result: true
