[${project.name}][${env:SERVER_PORT}] 2021-11-25 16:00:16,601 INFO [NettyClientSelector_1][Slf4jLoggerFactory.java:95] - closeChannel: close the connection to remote address[] result: true
[${project.name}][${env:SERVER_PORT}] 2021-11-25 16:00:16,606 INFO [NettyClientSelector_1][Slf4jLoggerFactory.java:95] - closeChannel: close the connection to remote address[] result: true
[${project.name}][${env:SERVER_PORT}] 2021-11-25 16:00:46,599 INFO [NettyClientSelector_1][Slf4jLoggerFactory.java:95] - closeChannel: close the connection to remote address[] result: true
[${project.name}][${env:SERVER_PORT}] 2021-11-25 16:00:46,604 INFO [NettyClientSelector_1][Slf4jLoggerFactory.java:95] - closeChannel: close the connection to remote address[] result: true
[${project.name}][${env:SERVER_PORT}] 2021-11-25 16:01:16,600 INFO [NettyClientSelector_1][Slf4jLoggerFactory.java:95] - closeChannel: close the connection to remote address[] result: true
[${project.name}][${env:SERVER_PORT}] 2021-11-25 16:01:16,605 INFO [NettyClientSelector_1][Slf4jLoggerFactory.java:95] - closeChannel: close the connection to remote address[] result: true
[${project.name}][${env:SERVER_PORT}] 2021-11-25 16:01:46,600 INFO [NettyClientSelector_1][Slf4jLoggerFactory.java:95] - closeChannel: close the connection to remote address[] result: true
[${project.name}][${env:SERVER_PORT}] 2021-11-25 16:01:46,605 INFO [NettyClientSelector_1][Slf4jLoggerFactory.java:95] - closeChannel: close the connection to remote address[] result: true
[${project.name}][${env:SERVER_PORT}] 2021-11-25 16:02:16,600 INFO [NettyClientSelector_1][Slf4jLoggerFactory.java:95] - closeChannel: close the connection to remote address[] result: true
[${project.name}][${env:SERVER_PORT}] 2021-11-25 16:02:16,605 INFO [NettyClientSelector_1][Slf4jLoggerFactory.java:95] - closeChannel: close the connection to remote address[] result: true
[${project.name}][${env:SERVER_PORT}] 2021-11-25 16:02:46,599 INFO [NettyClientSelector_1][Slf4jLoggerFactory.java:95] - closeChannel: close the connection to remote address[] result: true
[${project.name}][${env:SERVER_PORT}] 2021-11-25 16:02:46,606 INFO [NettyClientSelector_1][Slf4jLoggerFactory.java:95] - closeChannel: close the connection to remote address[] result: true
[${project.name}][${env:SERVER_PORT}] 2021-11-25 16:03:16,601 INFO [NettyClientSelector_1][Slf4jLoggerFactory.java:95] - closeChannel: close the connection to remote address[] result: true
[${project.name}][${env:SERVER_PORT}] 2021-11-25 16:03:16,606 INFO [NettyClientSelector_1][Slf4jLoggerFactory.java:95] - closeChannel: close the connection to remote address[] result: true
[${project.name}][${env:SERVER_PORT}] 2021-11-25 16:03:46,600 INFO [NettyClientSelector_1][Slf4jLoggerFactory.java:95] - closeChannel: close the connection to remote address[] result: true
[${project.name}][${env:SERVER_PORT}] 2021-11-25 16:03:46,604 INFO [NettyClientSelector_1][Slf4jLoggerFactory.java:95] - closeChannel: close the connection to remote address[] result: true
[${project.name}][${env:SERVER_PORT}] 2021-11-25 16:04:16,600 INFO [NettyClientSelector_1][Slf4jLoggerFactory.java:95] - closeChannel: close the connection to remote address[] result: true
[${project.name}][${env:SERVER_PORT}] 2021-11-25 16:04:16,605 INFO [NettyClientSelector_1][Slf4jLoggerFactory.java:95] - closeChannel: close the connection to remote address[] result: true
[${project.name}][${env:SERVER_PORT}] 2021-11-25 16:04:46,599 INFO [NettyClientSelector_1][Slf4jLoggerFactory.java:95] - closeChannel: close the connection to remote address[] result: true
[${project.name}][${env:SERVER_PORT}] 2021-11-25 16:04:46,605 INFO [NettyClientSelector_1][Slf4jLoggerFactory.java:95] - closeChannel: close the connection to remote address[] result: true
[${project.name}][${env:SERVER_PORT}] 2021-11-25 16:04:50,265 INFO [AsyncResolver-bootstrap-executor-0][ConfigClusterResolver.java:43] - Resolving eureka endpoints via configuration
[${project.name}][${env:SERVER_PORT}] 2021-11-25 16:05:16,602 INFO [NettyClientSelector_1][Slf4jLoggerFactory.java:95] - closeChannel: close the connection to remote address[] result: true
[${project.name}][${env:SERVER_PORT}] 2021-11-25 16:05:16,605 INFO [NettyClientSelector_1][Slf4jLoggerFactory.java:95] - closeChannel: close the connection to remote address[] result: true
[${project.name}][${env:SERVER_PORT}] 2021-11-25 16:05:46,602 INFO [NettyClientSelector_1][Slf4jLoggerFactory.java:95] - closeChannel: close the connection to remote address[] result: true
[${project.name}][${env:SERVER_PORT}] 2021-11-25 16:05:46,606 INFO [NettyClientSelector_1][Slf4jLoggerFactory.java:95] - closeChannel: close the connection to remote address[] result: true
[${project.name}][${env:SERVER_PORT}] 2021-11-25 16:06:16,601 INFO [NettyClientSelector_1][Slf4jLoggerFactory.java:95] - closeChannel: close the connection to remote address[] result: true
[${project.name}][${env:SERVER_PORT}] 2021-11-25 16:06:16,608 INFO [NettyClientSelector_1][Slf4jLoggerFactory.java:95] - closeChannel: close the connection to remote address[] result: true
[${project.name}][${env:SERVER_PORT}] 2021-11-25 16:06:46,604 INFO [NettyClientSelector_1][Slf4jLoggerFactory.java:95] - closeChannel: close the connection to remote address[] result: true
[${project.name}][${env:SERVER_PORT}] 2021-11-25 16:06:46,607 INFO [NettyClientSelector_1][Slf4jLoggerFactory.java:95] - closeChannel: close the connection to remote address[] result: true
[${project.name}][${env:SERVER_PORT}] 2021-11-25 16:07:16,603 INFO [NettyClientSelector_1][Slf4jLoggerFactory.java:95] - closeChannel: close the connection to remote address[] result: true
[${project.name}][${env:SERVER_PORT}] 2021-11-25 16:07:16,609 INFO [NettyClientSelector_1][Slf4jLoggerFactory.java:95] - closeChannel: close the connection to remote address[] result: true
[${project.name}][${env:SERVER_PORT}] 2021-11-25 16:07:46,600 INFO [NettyClientSelector_1][Slf4jLoggerFactory.java:95] - closeChannel: close the connection to remote address[] result: true
[${project.name}][${env:SERVER_PORT}] 2021-11-25 16:07:46,607 INFO [NettyClientSelector_1][Slf4jLoggerFactory.java:95] - closeChannel: close the connection to remote address[] result: true
[${project.name}][${env:SERVER_PORT}] 2021-11-25 16:08:16,604 INFO [NettyClientSelector_1][Slf4jLoggerFactory.java:95] - closeChannel: close the connection to remote address[] result: true
[${project.name}][${env:SERVER_PORT}] 2021-11-25 16:08:16,608 INFO [NettyClientSelector_1][Slf4jLoggerFactory.java:95] - closeChannel: close the connection to remote address[] result: true
[${project.name}][${env:SERVER_PORT}] 2021-11-25 16:08:46,602 INFO [NettyClientSelector_1][Slf4jLoggerFactory.java:95] - closeChannel: close the connection to remote address[] result: true
[${project.name}][${env:SERVER_PORT}] 2021-11-25 16:08:46,608 INFO [NettyClientSelector_1][Slf4jLoggerFactory.java:95] - closeChannel: close the connection to remote address[] result: true
[${project.name}][${env:SERVER_PORT}] 2021-11-25 16:09:16,604 INFO [NettyClientSelector_1][Slf4jLoggerFactory.java:95] - closeChannel: close the connection to remote address[] result: true
[${project.name}][${env:SERVER_PORT}] 2021-11-25 16:09:16,608 INFO [NettyClientSelector_1][Slf4jLoggerFactory.java:95] - closeChannel: close the connection to remote address[] result: true
[${project.name}][${env:SERVER_PORT}] 2021-11-25 16:09:46,600 INFO [NettyClientSelector_1][Slf4jLoggerFactory.java:95] - closeChannel: close the connection to remote address[] result: true
[${project.name}][${env:SERVER_PORT}] 2021-11-25 16:09:46,607 INFO [NettyClientSelector_1][Slf4jLoggerFactory.java:95] - closeChannel: close the connection to remote address[] result: true
[${project.name}][${env:SERVER_PORT}] 2021-11-25 16:09:50,275 INFO [AsyncResolver-bootstrap-executor-0][ConfigClusterResolver.java:43] - Resolving eureka endpoints via configuration
[${project.name}][${env:SERVER_PORT}] 2021-11-25 16:10:16,605 INFO [NettyClientSelector_1][Slf4jLoggerFactory.java:95] - closeChannel: close the connection to remote address[] result: true
[${project.name}][${env:SERVER_PORT}] 2021-11-25 16:10:16,608 INFO [NettyClientSelector_1][Slf4jLoggerFactory.java:95] - closeChannel: close the connection to remote address[] result: true
[${project.name}][${env:SERVER_PORT}] 2021-11-25 16:10:46,603 INFO [NettyClientSelector_1][Slf4jLoggerFactory.java:95] - closeChannel: close the connection to remote address[] result: true
[${project.name}][${env:SERVER_PORT}] 2021-11-25 16:10:46,607 INFO [NettyClientSelector_1][Slf4jLoggerFactory.java:95] - closeChannel: close the connection to remote address[] result: true
[${project.name}][${env:SERVER_PORT}] 2021-11-25 16:11:16,602 INFO [NettyClientSelector_1][Slf4jLoggerFactory.java:95] - closeChannel: close the connection to remote address[] result: true
[${project.name}][${env:SERVER_PORT}] 2021-11-25 16:11:16,607 INFO [NettyClientSelector_1][Slf4jLoggerFactory.java:95] - closeChannel: close the connection to remote address[] result: true
[${project.name}][${env:SERVER_PORT}] 2021-11-25 16:11:46,604 INFO [NettyClientSelector_1][Slf4jLoggerFactory.java:95] - closeChannel: close the connection to remote address[] result: true
[${project.name}][${env:SERVER_PORT}] 2021-11-25 16:11:46,610 INFO [NettyClientSelector_1][Slf4jLoggerFactory.java:95] - closeChannel: close the connection to remote address[] result: true
[${project.name}][${env:SERVER_PORT}] 2021-11-25 16:12:16,602 INFO [NettyClientSelector_1][Slf4jLoggerFactory.java:95] - closeChannel: close the connection to remote address[] result: true
[${project.name}][${env:SERVER_PORT}] 2021-11-25 16:12:16,608 INFO [NettyClientSelector_1][Slf4jLoggerFactory.java:95] - closeChannel: close the connection to remote address[] result: true
[${project.name}][${env:SERVER_PORT}] 2021-11-25 16:12:46,601 INFO [NettyClientSelector_1][Slf4jLoggerFactory.java:95] - closeChannel: close the connection to remote address[] result: true
[${project.name}][${env:SERVER_PORT}] 2021-11-25 16:12:46,607 INFO [NettyClientSelector_1][Slf4jLoggerFactory.java:95] - closeChannel: close the connection to remote address[] result: true
[${project.name}][${env:SERVER_PORT}] 2021-11-25 16:13:16,602 INFO [NettyClientSelector_1][Slf4jLoggerFactory.java:95] - closeChannel: close the connection to remote address[] result: true
[${project.name}][${env:SERVER_PORT}] 2021-11-25 16:13:16,608 INFO [NettyClientSelector_1][Slf4jLoggerFactory.java:95] - closeChannel: close the connection to remote address[] result: true
[${project.name}][${env:SERVER_PORT}] 2021-11-25 16:13:46,602 INFO [NettyClientSelector_1][Slf4jLoggerFactory.java:95] - closeChannel: close the connection to remote address[] result: true
[${project.name}][${env:SERVER_PORT}] 2021-11-25 16:13:46,608 INFO [NettyClientSelector_1][Slf4jLoggerFactory.java:95] - closeChannel: close the connection to remote address[] result: true
[${project.name}][${env:SERVER_PORT}] 2021-11-25 16:14:16,600 INFO [NettyClientSelector_1][Slf4jLoggerFactory.java:95] - closeChannel: close the connection to remote address[] result: true
[${project.name}][${env:SERVER_PORT}] 2021-11-25 16:14:16,608 INFO [NettyClientSelector_1][Slf4jLoggerFactory.java:95] - closeChannel: close the connection to remote address[] result: true
[${project.name}][${env:SERVER_PORT}] 2021-11-25 16:14:46,603 INFO [NettyClientSelector_1][Slf4jLoggerFactory.java:95] - closeChannel: close the connection to remote address[] result: true
[${project.name}][${env:SERVER_PORT}] 2021-11-25 16:14:46,609 INFO [NettyClientSelector_1][Slf4jLoggerFactory.java:95] - closeChannel: close the connection to remote address[] result: true
[${project.name}][${env:SERVER_PORT}] 2021-11-25 16:14:50,284 INFO [AsyncResolver-bootstrap-executor-0][ConfigClusterResolver.java:43] - Resolving eureka endpoints via configuration
[${project.name}][${env:SERVER_PORT}] 2021-11-25 16:15:16,602 INFO [NettyClientSelector_1][Slf4jLoggerFactory.java:95] - closeChannel: close the connection to remote address[] result: true
[${project.name}][${env:SERVER_PORT}] 2021-11-25 16:15:16,609 INFO [NettyClientSelector_1][Slf4jLoggerFactory.java:95] - closeChannel: close the connection to remote address[] result: true
[${project.name}][${env:SERVER_PORT}] 2021-11-25 16:15:46,603 INFO [NettyClientSelector_1][Slf4jLoggerFactory.java:95] - closeChannel: close the connection to remote address[] result: true
[${project.name}][${env:SERVER_PORT}] 2021-11-25 16:15:46,609 INFO [NettyClientSelector_1][Slf4jLoggerFactory.java:95] - closeChannel: close the connection to remote address[] result: true
[${project.name}][${env:SERVER_PORT}] 2021-11-25 16:16:16,603 INFO [NettyClientSelector_1][Slf4jLoggerFactory.java:95] - closeChannel: close the connection to remote address[] result: true
[${project.name}][${env:SERVER_PORT}] 2021-11-25 16:16:16,607 INFO [NettyClientSelector_1][Slf4jLoggerFactory.java:95] - closeChannel: close the connection to remote address[] result: true
[${project.name}][${env:SERVER_PORT}] 2021-11-25 16:16:46,603 INFO [NettyClientSelector_1][Slf4jLoggerFactory.java:95] - closeChannel: close the connection to remote address[] result: true
[${project.name}][${env:SERVER_PORT}] 2021-11-25 16:16:46,608 INFO [NettyClientSelector_1][Slf4jLoggerFactory.java:95] - closeChannel: close the connection to remote address[] result: true
[${project.name}][${env:SERVER_PORT}] 2021-11-25 16:17:16,601 INFO [NettyClientSelector_1][Slf4jLoggerFactory.java:95] - closeChannel: close the connection to remote address[] result: true
[${project.name}][${env:SERVER_PORT}] 2021-11-25 16:17:16,609 INFO [NettyClientSelector_1][Slf4jLoggerFactory.java:95] - closeChannel: close the connection to remote address[] result: true
[${project.name}][${env:SERVER_PORT}] 2021-11-25 16:17:46,604 INFO [NettyClientSelector_1][Slf4jLoggerFactory.java:95] - closeChannel: close the connection to remote address[] result: true
[${project.name}][${env:SERVER_PORT}] 2021-11-25 16:17:46,608 INFO [NettyClientSelector_1][Slf4jLoggerFactory.java:95] - closeChannel: close the connection to remote address[] result: true
[${project.name}][${env:SERVER_PORT}] 2021-11-25 16:18:16,601 INFO [NettyClientSelector_1][Slf4jLoggerFactory.java:95] - closeChannel: close the connection to remote address[] result: true
[${project.name}][${env:SERVER_PORT}] 2021-11-25 16:18:16,606 INFO [NettyClientSelector_1][Slf4jLoggerFactory.java:95] - closeChannel: close the connection to remote address[] result: true
[${project.name}][${env:SERVER_PORT}] 2021-11-25 16:18:46,600 INFO [NettyClientSelector_1][Slf4jLoggerFactory.java:95] - closeChannel: close the connection to remote address[] result: true
[${project.name}][${env:SERVER_PORT}] 2021-11-25 16:18:46,606 INFO [NettyClientSelector_1][Slf4jLoggerFactory.java:95] - closeChannel: close the connection to remote address[] result: true
[${project.name}][${env:SERVER_PORT}] 2021-11-25 16:19:16,600 INFO [NettyClientSelector_1][Slf4jLoggerFactory.java:95] - closeChannel: close the connection to remote address[] result: true
[${project.name}][${env:SERVER_PORT}] 2021-11-25 16:19:16,606 INFO [NettyClientSelector_1][Slf4jLoggerFactory.java:95] - closeChannel: close the connection to remote address[] result: true
[${project.name}][${env:SERVER_PORT}] 2021-11-25 16:19:46,601 INFO [NettyClientSelector_1][Slf4jLoggerFactory.java:95] - closeChannel: close the connection to remote address[] result: true
[${project.name}][${env:SERVER_PORT}] 2021-11-25 16:19:46,608 INFO [NettyClientSelector_1][Slf4jLoggerFactory.java:95] - closeChannel: close the connection to remote address[] result: true
[${project.name}][${env:SERVER_PORT}] 2021-11-25 16:19:50,289 INFO [AsyncResolver-bootstrap-executor-0][ConfigClusterResolver.java:43] - Resolving eureka endpoints via configuration
[${project.name}][${env:SERVER_PORT}] 2021-11-25 16:20:16,600 INFO [NettyClientSelector_1][Slf4jLoggerFactory.java:95] - closeChannel: close the connection to remote address[] result: true
[${project.name}][${env:SERVER_PORT}] 2021-11-25 16:20:16,606 INFO [NettyClientSelector_1][Slf4jLoggerFactory.java:95] - closeChannel: close the connection to remote address[] result: true
[${project.name}][${env:SERVER_PORT}] 2021-11-25 16:20:46,600 INFO [NettyClientSelector_1][Slf4jLoggerFactory.java:95] - closeChannel: close the connection to remote address[] result: true
[${project.name}][${env:SERVER_PORT}] 2021-11-25 16:20:46,607 INFO [NettyClientSelector_1][Slf4jLoggerFactory.java:95] - closeChannel: close the connection to remote address[] result: true
[${project.name}][${env:SERVER_PORT}] 2021-11-25 16:21:16,601 INFO [NettyClientSelector_1][Slf4jLoggerFactory.java:95] - closeChannel: close the connection to remote address[] result: true
[${project.name}][${env:SERVER_PORT}] 2021-11-25 16:21:16,607 INFO [NettyClientSelector_1][Slf4jLoggerFactory.java:95] - closeChannel: close the connection to remote address[] result: true
[${project.name}][${env:SERVER_PORT}] 2021-11-25 16:21:46,600 INFO [NettyClientSelector_1][Slf4jLoggerFactory.java:95] - closeChannel: close the connection to remote address[] result: true
[${project.name}][${env:SERVER_PORT}] 2021-11-25 16:21:46,606 INFO [NettyClientSelector_1][Slf4jLoggerFactory.java:95] - closeChannel: close the connection to remote address[] result: true
[${project.name}][${env:SERVER_PORT}] 2021-11-25 16:22:16,605 INFO [NettyClientSelector_1][Slf4jLoggerFactory.java:95] - closeChannel: close the connection to remote address[] result: true
[${project.name}][${env:SERVER_PORT}] 2021-11-25 16:22:16,606 INFO [NettyClientSelector_1][Slf4jLoggerFactory.java:95] - closeChannel: close the connection to remote address[] result: true
[${project.name}][${env:SERVER_PORT}] 2021-11-25 16:22:46,605 INFO [NettyClientSelector_1][Slf4jLoggerFactory.java:95] - closeChannel: close the connection to remote address[] result: true
[${project.name}][${env:SERVER_PORT}] 2021-11-25 16:22:46,608 INFO [NettyClientSelector_1][Slf4jLoggerFactory.java:95] - closeChannel: close the connection to remote address[] result: true
[${project.name}][${env:SERVER_PORT}] 2021-11-25 16:23:16,623 INFO [NettyClientSelector_1][Slf4jLoggerFactory.java:95] - closeChannel: close the connection to remote address[] result: true
[${project.name}][${env:SERVER_PORT}] 2021-11-25 16:23:16,625 INFO [NettyClientSelector_1][Slf4jLoggerFactory.java:95] - closeChannel: close the connection to remote address[] result: true
[${project.name}][${env:SERVER_PORT}] 2021-11-25 16:23:46,627 INFO [NettyClientSelector_1][Slf4jLoggerFactory.java:95] - closeChannel: close the connection to remote address[] result: true
[${project.name}][${env:SERVER_PORT}] 2021-11-25 16:23:46,630 INFO [NettyClientSelector_1][Slf4jLoggerFactory.java:95] - closeChannel: close the connection to remote address[] result: true
[${project.name}][${env:SERVER_PORT}] 2021-11-25 16:24:16,626 INFO [NettyClientSelector_1][Slf4jLoggerFactory.java:95] - closeChannel: close the connection to remote address[] result: true
[${project.name}][${env:SERVER_PORT}] 2021-11-25 16:24:16,632 INFO [NettyClientSelector_1][Slf4jLoggerFactory.java:95] - closeChannel: close the connection to remote address[] result: true
[${project.name}][${env:SERVER_PORT}] 2021-11-25 16:24:46,630 INFO [NettyClientSelector_1][Slf4jLoggerFactory.java:95] - closeChannel: close the connection to remote address[] result: true
[${project.name}][${env:SERVER_PORT}] 2021-11-25 16:24:46,635 INFO [NettyClientSelector_1][Slf4jLoggerFactory.java:95] - closeChannel: close the connection to remote address[] result: true
[${project.name}][${env:SERVER_PORT}] 2021-11-25 16:24:50,317 INFO [AsyncResolver-bootstrap-executor-0][ConfigClusterResolver.java:43] - Resolving eureka endpoints via configuration
[${project.name}][${env:SERVER_PORT}] 2021-11-25 16:25:16,626 INFO [NettyClientSelector_1][Slf4jLoggerFactory.java:95] - closeChannel: close the connection to remote address[] result: true
[${project.name}][${env:SERVER_PORT}] 2021-11-25 16:25:16,634 INFO [NettyClientSelector_1][Slf4jLoggerFactory.java:95] - closeChannel: close the connection to remote address[] result: true
[${project.name}][${env:SERVER_PORT}] 2021-11-25 16:25:46,630 INFO [NettyClientSelector_1][Slf4jLoggerFactory.java:95] - closeChannel: close the connection to remote address[] result: true
[${project.name}][${env:SERVER_PORT}] 2021-11-25 16:25:46,632 INFO [NettyClientSelector_1][Slf4jLoggerFactory.java:95] - closeChannel: close the connection to remote address[] result: true
[${project.name}][${env:SERVER_PORT}] 2021-11-25 16:26:16,628 INFO [NettyClientSelector_1][Slf4jLoggerFactory.java:95] - closeChannel: close the connection to remote address[] result: true
[${project.name}][${env:SERVER_PORT}] 2021-11-25 16:26:16,635 INFO [NettyClientSelector_1][Slf4jLoggerFactory.java:95] - closeChannel: close the connection to remote address[] result: true
[${project.name}][${env:SERVER_PORT}] 2021-11-25 16:26:46,629 INFO [NettyClientSelector_1][Slf4jLoggerFactory.java:95] - closeChannel: close the connection to remote address[] result: true
[${project.name}][${env:SERVER_PORT}] 2021-11-25 16:26:46,634 INFO [NettyClientSelector_1][Slf4jLoggerFactory.java:95] - closeChannel: close the connection to remote address[] result: true
[${project.name}][${env:SERVER_PORT}] 2021-11-25 16:27:16,627 INFO [NettyClientSelector_1][Slf4jLoggerFactory.java:95] - closeChannel: close the connection to remote address[] result: true
[${project.name}][${env:SERVER_PORT}] 2021-11-25 16:27:16,633 INFO [NettyClientSelector_1][Slf4jLoggerFactory.java:95] - closeChannel: close the connection to remote address[] result: true
[${project.name}][${env:SERVER_PORT}] 2021-11-25 16:27:46,629 INFO [NettyClientSelector_1][Slf4jLoggerFactory.java:95] - closeChannel: close the connection to remote address[] result: true
[${project.name}][${env:SERVER_PORT}] 2021-11-25 16:27:46,633 INFO [NettyClientSelector_1][Slf4jLoggerFactory.java:95] - closeChannel: close the connection to remote address[] result: true
[${project.name}][${env:SERVER_PORT}] 2021-11-25 16:28:16,629 INFO [NettyClientSelector_1][Slf4jLoggerFactory.java:95] - closeChannel: close the connection to remote address[] result: true
[${project.name}][${env:SERVER_PORT}] 2021-11-25 16:28:16,634 INFO [NettyClientSelector_1][Slf4jLoggerFactory.java:95] - closeChannel: close the connection to remote address[] result: true
[${project.name}][${env:SERVER_PORT}] 2021-11-25 16:28:46,628 INFO [NettyClientSelector_1][Slf4jLoggerFactory.java:95] - closeChannel: close the connection to remote address[] result: true
[${project.name}][${env:SERVER_PORT}] 2021-11-25 16:28:46,636 INFO [NettyClientSelector_1][Slf4jLoggerFactory.java:95] - closeChannel: close the connection to remote address[] result: true
[${project.name}][${env:SERVER_PORT}] 2021-11-25 16:29:16,628 INFO [NettyClientSelector_1][Slf4jLoggerFactory.java:95] - closeChannel: close the connection to remote address[] result: true
[${project.name}][${env:SERVER_PORT}] 2021-11-25 16:29:16,633 INFO [NettyClientSelector_1][Slf4jLoggerFactory.java:95] - closeChannel: close the connection to remote address[] result: true
[${project.name}][${env:SERVER_PORT}] 2021-11-25 16:29:46,631 INFO [NettyClientSelector_1][Slf4jLoggerFactory.java:95] - closeChannel: close the connection to remote address[] result: true
[${project.name}][${env:SERVER_PORT}] 2021-11-25 16:29:46,637 INFO [NettyClientSelector_1][Slf4jLoggerFactory.java:95] - closeChannel: close the connection to remote address[] result: true
[${project.name}][${env:SERVER_PORT}] 2021-11-25 16:29:50,328 INFO [AsyncResolver-bootstrap-executor-0][ConfigClusterResolver.java:43] - Resolving eureka endpoints via configuration
[${project.name}][${env:SERVER_PORT}] 2021-11-25 16:30:16,632 INFO [NettyClientSelector_1][Slf4jLoggerFactory.java:95] - closeChannel: close the connection to remote address[] result: true
[${project.name}][${env:SERVER_PORT}] 2021-11-25 16:30:16,634 INFO [NettyClientSelector_1][Slf4jLoggerFactory.java:95] - closeChannel: close the connection to remote address[] result: true
[${project.name}][${env:SERVER_PORT}] 2021-11-25 16:30:46,628 INFO [NettyClientSelector_1][Slf4jLoggerFactory.java:95] - closeChannel: close the connection to remote address[] result: true
[${project.name}][${env:SERVER_PORT}] 2021-11-25 16:30:46,633 INFO [NettyClientSelector_1][Slf4jLoggerFactory.java:95] - closeChannel: close the connection to remote address[] result: true
[${project.name}][${env:SERVER_PORT}] 2021-11-25 16:31:16,628 INFO [NettyClientSelector_1][Slf4jLoggerFactory.java:95] - closeChannel: close the connection to remote address[] result: true
[${project.name}][${env:SERVER_PORT}] 2021-11-25 16:31:16,634 INFO [NettyClientSelector_1][Slf4jLoggerFactory.java:95] - closeChannel: close the connection to remote address[] result: true
[${project.name}][${env:SERVER_PORT}] 2021-11-25 16:31:46,628 INFO [NettyClientSelector_1][Slf4jLoggerFactory.java:95] - closeChannel: close the connection to remote address[] result: true
[${project.name}][${env:SERVER_PORT}] 2021-11-25 16:31:46,635 INFO [NettyClientSelector_1][Slf4jLoggerFactory.java:95] - closeChannel: close the connection to remote address[] result: true
[${project.name}][${env:SERVER_PORT}] 2021-11-25 16:32:16,630 INFO [NettyClientSelector_1][Slf4jLoggerFactory.java:95] - closeChannel: close the connection to remote address[] result: true
[${project.name}][${env:SERVER_PORT}] 2021-11-25 16:32:16,636 INFO [NettyClientSelector_1][Slf4jLoggerFactory.java:95] - closeChannel: close the connection to remote address[] result: true
[${project.name}][${env:SERVER_PORT}] 2021-11-25 16:32:46,628 INFO [NettyClientSelector_1][Slf4jLoggerFactory.java:95] - closeChannel: close the connection to remote address[] result: true
[${project.name}][${env:SERVER_PORT}] 2021-11-25 16:32:46,635 INFO [NettyClientSelector_1][Slf4jLoggerFactory.java:95] - closeChannel: close the connection to remote address[] result: true
[${project.name}][${env:SERVER_PORT}] 2021-11-25 16:33:16,650 INFO [NettyClientSelector_1][Slf4jLoggerFactory.java:95] - closeChannel: close the connection to remote address[] result: true
[${project.name}][${env:SERVER_PORT}] 2021-11-25 16:33:16,651 INFO [NettyClientSelector_1][Slf4jLoggerFactory.java:95] - closeChannel: close the connection to remote address[] result: true
[${project.name}][${env:SERVER_PORT}] 2021-11-25 16:38:28,457 INFO [NettyClientSelector_1][Slf4jLoggerFactory.java:95] - closeChannel: close the connection to remote address[] result: true
[${project.name}][${env:SERVER_PORT}] 2021-11-25 16:38:28,463 INFO [NettyClientSelector_1][Slf4jLoggerFactory.java:95] - closeChannel: close the connection to remote address[] result: true
[${project.name}][${env:SERVER_PORT}] 2021-11-25 16:38:33,642 INFO [DiscoveryClient-HeartbeatExecutor-0][DiscoveryClient.java:850] - DiscoveryClient_CONSUMER-SERVICE/consumer-service:192.168.2.8:53050 - Re-registering apps/CONSUMER-SERVICE
[${project.name}][${env:SERVER_PORT}] 2021-11-25 16:38:33,642 INFO [DiscoveryClient-HeartbeatExecutor-0][DiscoveryClient.java:826] - DiscoveryClient_CONSUMER-SERVICE/consumer-service:192.168.2.8:53050: registering service...
[${project.name}][${env:SERVER_PORT}] 2021-11-25 16:38:33,652 INFO [DiscoveryClient-HeartbeatExecutor-0][DiscoveryClient.java:835] - DiscoveryClient_CONSUMER-SERVICE/consumer-service:192.168.2.8:53050 - registration status: 204
[${project.name}][${env:SERVER_PORT}] 2021-11-25 16:43:40,303 INFO [NettyClientSelector_1][Slf4jLoggerFactory.java:95] - closeChannel: close the connection to remote address[] result: true
[${project.name}][${env:SERVER_PORT}] 2021-11-25 16:43:40,311 INFO [NettyClientSelector_1][Slf4jLoggerFactory.java:95] - closeChannel: close the connection to remote address[] result: true
[${project.name}][${env:SERVER_PORT}] 2021-11-25 16:43:45,506 INFO [DiscoveryClient-HeartbeatExecutor-0][DiscoveryClient.java:850] - DiscoveryClient_CONSUMER-SERVICE/consumer-service:192.168.2.8:53050 - Re-registering apps/CONSUMER-SERVICE
[${project.name}][${env:SERVER_PORT}] 2021-11-25 16:43:45,506 INFO [DiscoveryClient-HeartbeatExecutor-0][DiscoveryClient.java:826] - DiscoveryClient_CONSUMER-SERVICE/consumer-service:192.168.2.8:53050: registering service...
[${project.name}][${env:SERVER_PORT}] 2021-11-25 16:43:45,512 INFO [DiscoveryClient-HeartbeatExecutor-0][DiscoveryClient.java:835] - DiscoveryClient_CONSUMER-SERVICE/consumer-service:192.168.2.8:53050 - registration status: 204
[${project.name}][${env:SERVER_PORT}] 2021-11-25 16:44:10,307 INFO [NettyClientSelector_1][Slf4jLoggerFactory.java:95] - closeChannel: close the connection to remote address[] result: true
[${project.name}][${env:SERVER_PORT}] 2021-11-25 16:44:10,312 INFO [NettyClientSelector_1][Slf4jLoggerFactory.java:95] - closeChannel: close the connection to remote address[] result: true
[${project.name}][${env:SERVER_PORT}] 2021-11-25 16:44:14,005 INFO [AsyncResolver-bootstrap-executor-0][ConfigClusterResolver.java:43] - Resolving eureka endpoints via configuration
[${project.name}][${env:SERVER_PORT}] 2021-11-25 16:49:22,214 INFO [NettyClientSelector_1][Slf4jLoggerFactory.java:95] - closeChannel: close the connection to remote address[] result: true
[${project.name}][${env:SERVER_PORT}] 2021-11-25 16:49:22,219 INFO [NettyClientSelector_1][Slf4jLoggerFactory.java:95] - closeChannel: close the connection to remote address[] result: true
[${project.name}][${env:SERVER_PORT}] 2021-11-25 16:49:52,217 INFO [NettyClientSelector_1][Slf4jLoggerFactory.java:95] - closeChannel: close the connection to remote address[] result: true
[${project.name}][${env:SERVER_PORT}] 2021-11-25 16:49:52,220 INFO [NettyClientSelector_1][Slf4jLoggerFactory.java:95] - closeChannel: close the connection to remote address[] result: true
[${project.name}][${env:SERVER_PORT}] 2021-11-25 16:55:04,087 INFO [NettyClientSelector_1][Slf4jLoggerFactory.java:95] - closeChannel: close the connection to remote address[] result: true
[${project.name}][${env:SERVER_PORT}] 2021-11-25 16:55:04,091 INFO [NettyClientSelector_1][Slf4jLoggerFactory.java:95] - closeChannel: close the connection to remote address[] result: true
[${project.name}][${env:SERVER_PORT}] 2021-11-25 16:55:09,339 INFO [DiscoveryClient-HeartbeatExecutor-0][DiscoveryClient.java:850] - DiscoveryClient_CONSUMER-SERVICE/consumer-service:192.168.2.8:53050 - Re-registering apps/CONSUMER-SERVICE
[${project.name}][${env:SERVER_PORT}] 2021-11-25 16:55:09,339 INFO [DiscoveryClient-HeartbeatExecutor-0][DiscoveryClient.java:826] - DiscoveryClient_CONSUMER-SERVICE/consumer-service:192.168.2.8:53050: registering service...
[${project.name}][${env:SERVER_PORT}] 2021-11-25 16:55:09,345 INFO [DiscoveryClient-HeartbeatExecutor-0][DiscoveryClient.java:835] - DiscoveryClient_CONSUMER-SERVICE/consumer-service:192.168.2.8:53050 - registration status: 204
[${project.name}][${env:SERVER_PORT}] 2021-11-25 16:55:34,083 INFO [NettyClientSelector_1][Slf4jLoggerFactory.java:95] - closeChannel: close the connection to remote address[] result: true
[${project.name}][${env:SERVER_PORT}] 2021-11-25 16:55:34,084 INFO [NettyClientSelector_1][Slf4jLoggerFactory.java:95] - closeChannel: close the connection to remote address[] result: true
