[${project.name}][${env:SERVER_PORT}] 2021-11-29 17:26:11,071 ERROR [main][SpringApplication.java:858] - Application run failed
org.springframework.beans.factory.BeanCreationException: Error creating bean with name 'gatewayNotifyConsumer' defined in file [/Users/maodaiyu/Desktop/own-idea-project/wanxinp2p/wanxinp2p-consumer-service/target/classes/cn/itcast/wanxinp2p/consumer/message/GatewayNotifyConsumer.class]: Instantiation of bean failed; nested exception is org.springframework.beans.BeanInstantiationException: Failed to instantiate [cn.itcast.wanxinp2p.consumer.message.GatewayNotifyConsumer]: Constructor threw exception; nested exception is org.apache.rocketmq.client.exception.MQClientException: the specified group is blank
For more information, please visit the url, http://rocketmq.apache.org/docs/faq/
	at org.springframework.beans.factory.support.AbstractAutowireCapableBeanFactory.instantiateBean(AbstractAutowireCapableBeanFactory.java:1287)
	at org.springframework.beans.factory.support.AbstractAutowireCapableBeanFactory.createBeanInstance(AbstractAutowireCapableBeanFactory.java:1181)
	at org.springframework.beans.factory.support.AbstractAutowireCapableBeanFactory.doCreateBean(AbstractAutowireCapableBeanFactory.java:555)
	at org.springframework.beans.factory.support.AbstractAutowireCapableBeanFactory.createBean(AbstractAutowireCapableBeanFactory.java:515)
	at org.springframework.beans.factory.support.AbstractBeanFactory.lambda$doGetBean$0(AbstractBeanFactory.java:320)
	at org.springframework.beans.factory.support.DefaultSingletonBeanRegistry.getSingleton(DefaultSingletonBeanRegistry.java:222)
	at org.springframework.beans.factory.support.AbstractBeanFactory.doGetBean(AbstractBeanFactory.java:318)
	at org.springframework.beans.factory.support.AbstractBeanFactory.getBean(AbstractBeanFactory.java:199)
	at org.springframework.beans.factory.support.DefaultListableBeanFactory.preInstantiateSingletons(DefaultListableBeanFactory.java:849)
	at org.springframework.context.support.AbstractApplicationContext.finishBeanFactoryInitialization(AbstractApplicationContext.java:877)
	at org.springframework.context.support.AbstractApplicationContext.refresh(AbstractApplicationContext.java:549)
	at org.springframework.boot.web.servlet.context.ServletWebServerApplicationContext.refresh(ServletWebServerApplicationContext.java:142)
	at org.springframework.boot.SpringApplication.refresh(SpringApplication.java:775)
	at org.springframework.boot.SpringApplication.refreshContext(SpringApplication.java:397)
	at org.springframework.boot.SpringApplication.run(SpringApplication.java:316)
	at org.springframework.boot.SpringApplication.run(SpringApplication.java:1260)
	at org.springframework.boot.SpringApplication.run(SpringApplication.java:1248)
	at cn.itcast.wanxinp2p.consumer.ConsumerService.main(ConsumerService.java:16)
Caused by: org.springframework.beans.BeanInstantiationException: Failed to instantiate [cn.itcast.wanxinp2p.consumer.message.GatewayNotifyConsumer]: Constructor threw exception; nested exception is org.apache.rocketmq.client.exception.MQClientException: the specified group is blank
For more information, please visit the url, http://rocketmq.apache.org/docs/faq/
	at org.springframework.beans.BeanUtils.instantiateClass(BeanUtils.java:184)
	at org.springframework.beans.factory.support.SimpleInstantiationStrategy.instantiate(SimpleInstantiationStrategy.java:87)
	at org.springframework.beans.factory.support.AbstractAutowireCapableBeanFactory.instantiateBean(AbstractAutowireCapableBeanFactory.java:1279)
	... 17 more
Caused by: org.apache.rocketmq.client.exception.MQClientException: the specified group is blank
For more information, please visit the url, http://rocketmq.apache.org/docs/faq/
	at org.apache.rocketmq.client.Validators.checkGroup(Validators.java:54)
	at org.apache.rocketmq.client.impl.consumer.DefaultMQPushConsumerImpl.checkConfig(DefaultMQPushConsumerImpl.java:639)
	at org.apache.rocketmq.client.impl.consumer.DefaultMQPushConsumerImpl.start(DefaultMQPushConsumerImpl.java:559)
	at org.apache.rocketmq.client.consumer.DefaultMQPushConsumer.start(DefaultMQPushConsumer.java:581)
	at cn.itcast.wanxinp2p.consumer.message.GatewayNotifyConsumer.<init>(GatewayNotifyConsumer.java:70)
	at sun.reflect.NativeConstructorAccessorImpl.newInstance0(Native Method)
	at sun.reflect.NativeConstructorAccessorImpl.newInstance(NativeConstructorAccessorImpl.java:62)
	at sun.reflect.DelegatingConstructorAccessorImpl.newInstance(DelegatingConstructorAccessorImpl.java:45)
	at java.lang.reflect.Constructor.newInstance(Constructor.java:423)
	at org.springframework.beans.BeanUtils.instantiateClass(BeanUtils.java:172)
	... 19 more
[${project.name}][${env:SERVER_PORT}] 2021-11-29 17:39:57,324 ERROR [http-nio-53050-exec-6][GlobalExceptionHandler.java:44] - 【系统异常】null
