[${project.name}][${env:SERVER_PORT}] 2021-11-27 21:00:11,619 WARN [Apollo-RemoteConfigLongPollService-1][RemoteConfigLongPollService.java:193] - Long polling failed, will retry in 120 seconds. appId: consumer-service, cluster: DEFAULT, namespaces: micro_service.spring-boot-redis+micro_service.spring-boot-http+micro_service.mybatis-plus+application+micro_service.spring-rocketmq+micro_service.spring-ribbon+micro_service.spring-boot-druid+micro_service.spring-eureka+micro_service.spring-hystrix, long polling url: http://192.168.2.8:8080/notifications/v2?cluster=DEFAULT&appId=consumer-service&ip=192.168.2.8&notifications=%5B%7B%22namespaceName%22%3A%22micro_service.mybatis-plus%22%2C%22notificationId%22%3A445%7D%2C%7B%22namespaceName%22%3A%22application%22%2C%22notificationId%22%3A409%7D%2C%7B%22namespaceName%22%3A%22micro_service.spring-rocketmq%22%2C%22notificationId%22%3A69%7D%2C%7B%22namespaceName%22%3A%22micro_service.spring-ribbon%22%2C%22notificationId%22%3A6%7D%2C%7B%22namespaceName%22%3A%22micro_service.spring-boot-druid%22%2C%22notificationId%22%3A449%7D%2C%7B%22namespaceName%22%3A%22micro_service.spring-boot-redis%22%2C%22notificationId%22%3A10%7D%2C%7B%22namespaceName%22%3A%22micro_service.spring-eureka%22%2C%22notificationId%22%3A431%7D%2C%7B%22namespaceName%22%3A%22micro_service.spring-hystrix%22%2C%22notificationId%22%3A5%7D%2C%7B%22namespaceName%22%3A%22micro_service.spring-boot-http%22%2C%22notificationId%22%3A399%7D%5D, reason: Could not complete get operation [Cause: connect timed out]
[${project.name}][${env:SERVER_PORT}] 2021-11-27 21:00:24,138 INFO [NettyClientSelector_1][Slf4jLoggerFactory.java:95] - closeChannel: close the connection to remote address[] result: true
[${project.name}][${env:SERVER_PORT}] 2021-11-27 21:00:24,147 INFO [NettyClientSelector_1][Slf4jLoggerFactory.java:95] - closeChannel: close the connection to remote address[] result: true
[${project.name}][${env:SERVER_PORT}] 2021-11-27 21:00:54,106 INFO [NettyClientSelector_1][Slf4jLoggerFactory.java:95] - closeChannel: close the connection to remote address[] result: true
[${project.name}][${env:SERVER_PORT}] 2021-11-27 21:00:54,116 INFO [NettyClientSelector_1][Slf4jLoggerFactory.java:95] - closeChannel: close the connection to remote address[] result: true
[${project.name}][${env:SERVER_PORT}] 2021-11-27 21:01:24,097 INFO [NettyClientSelector_1][Slf4jLoggerFactory.java:95] - closeChannel: close the connection to remote address[] result: true
[${project.name}][${env:SERVER_PORT}] 2021-11-27 21:01:24,108 INFO [NettyClientSelector_1][Slf4jLoggerFactory.java:95] - closeChannel: close the connection to remote address[] result: true
[${project.name}][${env:SERVER_PORT}] 2021-11-27 21:01:54,095 INFO [NettyClientSelector_1][Slf4jLoggerFactory.java:95] - closeChannel: close the connection to remote address[] result: true
[${project.name}][${env:SERVER_PORT}] 2021-11-27 21:01:54,107 INFO [NettyClientSelector_1][Slf4jLoggerFactory.java:95] - closeChannel: close the connection to remote address[] result: true
[${project.name}][${env:SERVER_PORT}] 2021-11-27 21:02:12,583 WARN [Apollo-RemoteConfigLongPollService-1][RemoteConfigLongPollService.java:193] - Long polling failed, will retry in 120 seconds. appId: consumer-service, cluster: DEFAULT, namespaces: micro_service.spring-boot-redis+micro_service.spring-boot-http+micro_service.mybatis-plus+application+micro_service.spring-rocketmq+micro_service.spring-ribbon+micro_service.spring-boot-druid+micro_service.spring-eureka+micro_service.spring-hystrix, long polling url: http://192.168.2.8:8080/notifications/v2?cluster=DEFAULT&appId=consumer-service&ip=192.168.2.8&notifications=%5B%7B%22namespaceName%22%3A%22micro_service.mybatis-plus%22%2C%22notificationId%22%3A445%7D%2C%7B%22namespaceName%22%3A%22application%22%2C%22notificationId%22%3A409%7D%2C%7B%22namespaceName%22%3A%22micro_service.spring-rocketmq%22%2C%22notificationId%22%3A69%7D%2C%7B%22namespaceName%22%3A%22micro_service.spring-ribbon%22%2C%22notificationId%22%3A6%7D%2C%7B%22namespaceName%22%3A%22micro_service.spring-boot-druid%22%2C%22notificationId%22%3A449%7D%2C%7B%22namespaceName%22%3A%22micro_service.spring-boot-redis%22%2C%22notificationId%22%3A10%7D%2C%7B%22namespaceName%22%3A%22micro_service.spring-eureka%22%2C%22notificationId%22%3A431%7D%2C%7B%22namespaceName%22%3A%22micro_service.spring-hystrix%22%2C%22notificationId%22%3A5%7D%2C%7B%22namespaceName%22%3A%22micro_service.spring-boot-http%22%2C%22notificationId%22%3A399%7D%5D, reason: Could not complete get operation [Cause: connect timed out]
[${project.name}][${env:SERVER_PORT}] 2021-11-27 21:02:24,094 INFO [NettyClientSelector_1][Slf4jLoggerFactory.java:95] - closeChannel: close the connection to remote address[] result: true
[${project.name}][${env:SERVER_PORT}] 2021-11-27 21:02:24,104 INFO [NettyClientSelector_1][Slf4jLoggerFactory.java:95] - closeChannel: close the connection to remote address[] result: true
[${project.name}][${env:SERVER_PORT}] 2021-11-27 21:02:54,095 INFO [NettyClientSelector_1][Slf4jLoggerFactory.java:95] - closeChannel: close the connection to remote address[] result: true
[${project.name}][${env:SERVER_PORT}] 2021-11-27 21:02:54,105 INFO [NettyClientSelector_1][Slf4jLoggerFactory.java:95] - closeChannel: close the connection to remote address[] result: true
[${project.name}][${env:SERVER_PORT}] 2021-11-27 21:03:24,095 INFO [NettyClientSelector_1][Slf4jLoggerFactory.java:95] - closeChannel: close the connection to remote address[] result: true
[${project.name}][${env:SERVER_PORT}] 2021-11-27 21:03:24,106 INFO [NettyClientSelector_1][Slf4jLoggerFactory.java:95] - closeChannel: close the connection to remote address[] result: true
[${project.name}][${env:SERVER_PORT}] 2021-11-27 21:03:52,976 WARN [Apollo-RemoteConfigRepository-1][AbstractConfigRepository.java:26] - Sync config failed, will retry. Repository class com.ctrip.framework.apollo.internals.RemoteConfigRepository, reason: Load Apollo Config failed - appId: consumer-service, cluster: DEFAULT, namespace: application, url: http://192.168.2.8:8080/configs/consumer-service/DEFAULT/application?ip=192.168.2.8&messages=%7B%22details%22%3A%7B%22consumer-service%2Bdefault%2Bapplication%22%3A409%7D%7D&releaseKey=20190714174605-c3ece374105b7a88 [Cause: Could not complete get operation [Cause: connect timed out]]
[${project.name}][${env:SERVER_PORT}] 2021-11-27 21:03:53,979 WARN [Apollo-RemoteConfigRepository-1][AbstractConfigRepository.java:26] - Sync config failed, will retry. Repository class com.ctrip.framework.apollo.internals.RemoteConfigRepository, reason: Load Apollo Config failed - appId: consumer-service, cluster: DEFAULT, namespace: micro_service.spring-boot-druid, url: http://192.168.2.8:8080/configs/consumer-service/DEFAULT/micro_service.spring-boot-druid?ip=192.168.2.8&messages=%7B%22details%22%3A%7B%22common-template%2Bdefault%2Bmicro_service.spring-boot-druid%22%3A449%2C%22consumer-service%2Bdefault%2Bmicro_service.spring-boot-druid%22%3A275%7D%7D&releaseKey=20190704202919-540ff119da52535d%2B20211123235138-02cd7d2a0427557f [Cause: Could not complete get operation [Cause: connect timed out]]
[${project.name}][${env:SERVER_PORT}] 2021-11-27 21:03:54,095 INFO [NettyClientSelector_1][Slf4jLoggerFactory.java:95] - closeChannel: close the connection to remote address[] result: true
[${project.name}][${env:SERVER_PORT}] 2021-11-27 21:03:54,103 INFO [NettyClientSelector_1][Slf4jLoggerFactory.java:95] - closeChannel: close the connection to remote address[] result: true
[${project.name}][${env:SERVER_PORT}] 2021-11-27 21:03:54,981 WARN [Apollo-RemoteConfigRepository-1][AbstractConfigRepository.java:26] - Sync config failed, will retry. Repository class com.ctrip.framework.apollo.internals.RemoteConfigRepository, reason: Load Apollo Config failed - appId: consumer-service, cluster: DEFAULT, namespace: micro_service.spring-boot-http, url: http://192.168.2.8:8080/configs/consumer-service/DEFAULT/micro_service.spring-boot-http?ip=192.168.2.8&messages=%7B%22details%22%3A%7B%22common-template%2Bdefault%2Bmicro_service.spring-boot-http%22%3A399%2C%22consumer-service%2Bdefault%2Bmicro_service.spring-boot-http%22%3A76%7D%7D&releaseKey=20190507091553-a493df137f2c9950%2B20190714173524-5351e374105b7a86 [Cause: Could not complete get operation [Cause: connect timed out]]
[${project.name}][${env:SERVER_PORT}] 2021-11-27 21:03:55,985 WARN [Apollo-RemoteConfigRepository-1][AbstractConfigRepository.java:26] - Sync config failed, will retry. Repository class com.ctrip.framework.apollo.internals.RemoteConfigRepository, reason: Load Apollo Config failed - appId: consumer-service, cluster: DEFAULT, namespace: micro_service.spring-eureka, url: http://192.168.2.8:8080/configs/consumer-service/DEFAULT/micro_service.spring-eureka?ip=192.168.2.8&messages=%7B%22details%22%3A%7B%22common-template%2Bdefault%2Bmicro_service.spring-eureka%22%3A431%7D%7D&releaseKey=20190715120722-61dfdc17e28c579b [Cause: Could not complete get operation [Cause: connect timed out]]
[${project.name}][${env:SERVER_PORT}] 2021-11-27 21:03:56,991 WARN [Apollo-RemoteConfigRepository-1][AbstractConfigRepository.java:26] - Sync config failed, will retry. Repository class com.ctrip.framework.apollo.internals.RemoteConfigRepository, reason: Load Apollo Config failed - appId: consumer-service, cluster: DEFAULT, namespace: micro_service.spring-hystrix, url: http://192.168.2.8:8080/configs/consumer-service/DEFAULT/micro_service.spring-hystrix?ip=192.168.2.8&messages=%7B%22details%22%3A%7B%22common-template%2Bdefault%2Bmicro_service.spring-hystrix%22%3A5%7D%7D&releaseKey=20190505105232-227d48b816809daf [Cause: Could not complete get operation [Cause: connect timed out]]
[${project.name}][${env:SERVER_PORT}] 2021-11-27 21:03:57,993 WARN [Apollo-RemoteConfigRepository-1][AbstractConfigRepository.java:26] - Sync config failed, will retry. Repository class com.ctrip.framework.apollo.internals.RemoteConfigRepository, reason: Load Apollo Config failed - appId: consumer-service, cluster: DEFAULT, namespace: micro_service.spring-ribbon, url: http://192.168.2.8:8080/configs/consumer-service/DEFAULT/micro_service.spring-ribbon?ip=192.168.2.8&messages=%7B%22details%22%3A%7B%22common-template%2Bdefault%2Bmicro_service.spring-ribbon%22%3A6%7D%7D&releaseKey=20190505105409-f73c48b816809db0 [Cause: Could not complete get operation [Cause: connect timed out]]
[${project.name}][${env:SERVER_PORT}] 2021-11-27 21:03:58,995 WARN [Apollo-RemoteConfigRepository-1][AbstractConfigRepository.java:26] - Sync config failed, will retry. Repository class com.ctrip.framework.apollo.internals.RemoteConfigRepository, reason: Load Apollo Config failed - appId: consumer-service, cluster: DEFAULT, namespace: micro_service.spring-boot-redis, url: http://192.168.2.8:8080/configs/consumer-service/DEFAULT/micro_service.spring-boot-redis?ip=192.168.2.8&messages=%7B%22details%22%3A%7B%22common-template%2Bdefault%2Bmicro_service.spring-boot-redis%22%3A10%7D%7D&releaseKey=20190505112013-234648b816809db4 [Cause: Could not complete get operation [Cause: connect timed out]]
[${project.name}][${env:SERVER_PORT}] 2021-11-27 21:04:00,001 WARN [Apollo-RemoteConfigRepository-1][AbstractConfigRepository.java:26] - Sync config failed, will retry. Repository class com.ctrip.framework.apollo.internals.RemoteConfigRepository, reason: Load Apollo Config failed - appId: consumer-service, cluster: DEFAULT, namespace: micro_service.mybatis-plus, url: http://192.168.2.8:8080/configs/consumer-service/DEFAULT/micro_service.mybatis-plus?ip=192.168.2.8&messages=%7B%22details%22%3A%7B%22common-template%2Bdefault%2Bmicro_service.mybatis-plus%22%3A38%2C%22consumer-service%2Bdefault%2Bmicro_service.mybatis-plus%22%3A445%7D%7D&releaseKey=20211123151042-d5247d2a0427557b%2B20190506103648-83e2df137f2fbff7 [Cause: Could not complete get operation [Cause: connect timed out]]
[${project.name}][${env:SERVER_PORT}] 2021-11-27 21:04:00,341 INFO [AsyncResolver-bootstrap-executor-0][ConfigClusterResolver.java:43] - Resolving eureka endpoints via configuration
[${project.name}][${env:SERVER_PORT}] 2021-11-27 21:04:01,004 WARN [Apollo-RemoteConfigRepository-1][AbstractConfigRepository.java:26] - Sync config failed, will retry. Repository class com.ctrip.framework.apollo.internals.RemoteConfigRepository, reason: Load Apollo Config failed - appId: consumer-service, cluster: DEFAULT, namespace: micro_service.spring-rocketmq, url: http://192.168.2.8:8080/configs/consumer-service/DEFAULT/micro_service.spring-rocketmq?ip=192.168.2.8&messages=%7B%22details%22%3A%7B%22common-template%2Bdefault%2Bmicro_service.spring-rocketmq%22%3A69%2C%22consumer-service%2Bdefault%2Bmicro_service.spring-rocketmq%22%3A68%7D%7D&releaseKey=20190506163452-aededf137f57c0c5 [Cause: Could not complete get operation [Cause: connect timed out]]
[${project.name}][${env:SERVER_PORT}] 2021-11-27 21:04:13,590 WARN [Apollo-RemoteConfigLongPollService-1][RemoteConfigLongPollService.java:193] - Long polling failed, will retry in 120 seconds. appId: consumer-service, cluster: DEFAULT, namespaces: micro_service.spring-boot-redis+micro_service.spring-boot-http+micro_service.mybatis-plus+application+micro_service.spring-rocketmq+micro_service.spring-ribbon+micro_service.spring-boot-druid+micro_service.spring-eureka+micro_service.spring-hystrix, long polling url: http://192.168.2.8:8080/notifications/v2?cluster=DEFAULT&appId=consumer-service&ip=192.168.2.8&notifications=%5B%7B%22namespaceName%22%3A%22micro_service.mybatis-plus%22%2C%22notificationId%22%3A445%7D%2C%7B%22namespaceName%22%3A%22application%22%2C%22notificationId%22%3A409%7D%2C%7B%22namespaceName%22%3A%22micro_service.spring-rocketmq%22%2C%22notificationId%22%3A69%7D%2C%7B%22namespaceName%22%3A%22micro_service.spring-ribbon%22%2C%22notificationId%22%3A6%7D%2C%7B%22namespaceName%22%3A%22micro_service.spring-boot-druid%22%2C%22notificationId%22%3A449%7D%2C%7B%22namespaceName%22%3A%22micro_service.spring-boot-redis%22%2C%22notificationId%22%3A10%7D%2C%7B%22namespaceName%22%3A%22micro_service.spring-eureka%22%2C%22notificationId%22%3A431%7D%2C%7B%22namespaceName%22%3A%22micro_service.spring-hystrix%22%2C%22notificationId%22%3A5%7D%2C%7B%22namespaceName%22%3A%22micro_service.spring-boot-http%22%2C%22notificationId%22%3A399%7D%5D, reason: Could not complete get operation [Cause: connect timed out]
[${project.name}][${env:SERVER_PORT}] 2021-11-27 21:04:24,094 INFO [NettyClientSelector_1][Slf4jLoggerFactory.java:95] - closeChannel: close the connection to remote address[] result: true
[${project.name}][${env:SERVER_PORT}] 2021-11-27 21:04:24,104 INFO [NettyClientSelector_1][Slf4jLoggerFactory.java:95] - closeChannel: close the connection to remote address[] result: true
[${project.name}][${env:SERVER_PORT}] 2021-11-27 21:04:54,093 INFO [NettyClientSelector_1][Slf4jLoggerFactory.java:95] - closeChannel: close the connection to remote address[] result: true
[${project.name}][${env:SERVER_PORT}] 2021-11-27 21:04:54,103 INFO [NettyClientSelector_1][Slf4jLoggerFactory.java:95] - closeChannel: close the connection to remote address[] result: true
[${project.name}][${env:SERVER_PORT}] 2021-11-27 21:05:24,094 INFO [NettyClientSelector_1][Slf4jLoggerFactory.java:95] - closeChannel: close the connection to remote address[] result: true
[${project.name}][${env:SERVER_PORT}] 2021-11-27 21:05:24,103 INFO [NettyClientSelector_1][Slf4jLoggerFactory.java:95] - closeChannel: close the connection to remote address[] result: true
[${project.name}][${env:SERVER_PORT}] 2021-11-27 21:05:54,092 INFO [NettyClientSelector_1][Slf4jLoggerFactory.java:95] - closeChannel: close the connection to remote address[] result: true
[${project.name}][${env:SERVER_PORT}] 2021-11-27 21:05:54,102 INFO [NettyClientSelector_1][Slf4jLoggerFactory.java:95] - closeChannel: close the connection to remote address[] result: true
[${project.name}][${env:SERVER_PORT}] 2021-11-27 21:06:14,598 WARN [Apollo-RemoteConfigLongPollService-1][RemoteConfigLongPollService.java:193] - Long polling failed, will retry in 120 seconds. appId: consumer-service, cluster: DEFAULT, namespaces: micro_service.spring-boot-redis+micro_service.spring-boot-http+micro_service.mybatis-plus+application+micro_service.spring-rocketmq+micro_service.spring-ribbon+micro_service.spring-boot-druid+micro_service.spring-eureka+micro_service.spring-hystrix, long polling url: http://192.168.2.8:8080/notifications/v2?cluster=DEFAULT&appId=consumer-service&ip=192.168.2.8&notifications=%5B%7B%22namespaceName%22%3A%22micro_service.mybatis-plus%22%2C%22notificationId%22%3A445%7D%2C%7B%22namespaceName%22%3A%22application%22%2C%22notificationId%22%3A409%7D%2C%7B%22namespaceName%22%3A%22micro_service.spring-rocketmq%22%2C%22notificationId%22%3A69%7D%2C%7B%22namespaceName%22%3A%22micro_service.spring-ribbon%22%2C%22notificationId%22%3A6%7D%2C%7B%22namespaceName%22%3A%22micro_service.spring-boot-druid%22%2C%22notificationId%22%3A449%7D%2C%7B%22namespaceName%22%3A%22micro_service.spring-boot-redis%22%2C%22notificationId%22%3A10%7D%2C%7B%22namespaceName%22%3A%22micro_service.spring-eureka%22%2C%22notificationId%22%3A431%7D%2C%7B%22namespaceName%22%3A%22micro_service.spring-hystrix%22%2C%22notificationId%22%3A5%7D%2C%7B%22namespaceName%22%3A%22micro_service.spring-boot-http%22%2C%22notificationId%22%3A399%7D%5D, reason: Could not complete get operation [Cause: connect timed out]
[${project.name}][${env:SERVER_PORT}] 2021-11-27 21:06:24,091 INFO [NettyClientSelector_1][Slf4jLoggerFactory.java:95] - closeChannel: close the connection to remote address[] result: true
[${project.name}][${env:SERVER_PORT}] 2021-11-27 21:06:24,105 INFO [NettyClientSelector_1][Slf4jLoggerFactory.java:95] - closeChannel: close the connection to remote address[] result: true
[${project.name}][${env:SERVER_PORT}] 2021-11-27 21:06:54,092 INFO [NettyClientSelector_1][Slf4jLoggerFactory.java:95] - closeChannel: close the connection to remote address[] result: true
[${project.name}][${env:SERVER_PORT}] 2021-11-27 21:06:54,102 INFO [NettyClientSelector_1][Slf4jLoggerFactory.java:95] - closeChannel: close the connection to remote address[] result: true
[${project.name}][${env:SERVER_PORT}] 2021-11-27 21:07:24,092 INFO [NettyClientSelector_1][Slf4jLoggerFactory.java:95] - closeChannel: close the connection to remote address[] result: true
[${project.name}][${env:SERVER_PORT}] 2021-11-27 21:07:24,102 INFO [NettyClientSelector_1][Slf4jLoggerFactory.java:95] - closeChannel: close the connection to remote address[] result: true
[${project.name}][${env:SERVER_PORT}] 2021-11-27 21:07:54,096 INFO [NettyClientSelector_1][Slf4jLoggerFactory.java:95] - closeChannel: close the connection to remote address[] result: true
[${project.name}][${env:SERVER_PORT}] 2021-11-27 21:07:54,106 INFO [NettyClientSelector_1][Slf4jLoggerFactory.java:95] - closeChannel: close the connection to remote address[] result: true
[${project.name}][${env:SERVER_PORT}] 2021-11-27 21:08:24,100 INFO [NettyClientSelector_1][Slf4jLoggerFactory.java:95] - closeChannel: close the connection to remote address[] result: true
[${project.name}][${env:SERVER_PORT}] 2021-11-27 21:08:24,110 INFO [NettyClientSelector_1][Slf4jLoggerFactory.java:95] - closeChannel: close the connection to remote address[] result: true
[${project.name}][${env:SERVER_PORT}] 2021-11-27 21:08:54,100 INFO [NettyClientSelector_1][Slf4jLoggerFactory.java:95] - closeChannel: close the connection to remote address[] result: true
[${project.name}][${env:SERVER_PORT}] 2021-11-27 21:08:54,110 INFO [NettyClientSelector_1][Slf4jLoggerFactory.java:95] - closeChannel: close the connection to remote address[] result: true
[${project.name}][${env:SERVER_PORT}] 2021-11-27 21:09:00,348 INFO [AsyncResolver-bootstrap-executor-0][ConfigClusterResolver.java:43] - Resolving eureka endpoints via configuration
[${project.name}][${env:SERVER_PORT}] 2021-11-27 21:09:24,098 INFO [NettyClientSelector_1][Slf4jLoggerFactory.java:95] - closeChannel: close the connection to remote address[] result: true
[${project.name}][${env:SERVER_PORT}] 2021-11-27 21:09:24,109 INFO [NettyClientSelector_1][Slf4jLoggerFactory.java:95] - closeChannel: close the connection to remote address[] result: true
[${project.name}][${env:SERVER_PORT}] 2021-11-27 21:09:54,099 INFO [NettyClientSelector_1][Slf4jLoggerFactory.java:95] - closeChannel: close the connection to remote address[] result: true
[${project.name}][${env:SERVER_PORT}] 2021-11-27 21:09:54,108 INFO [NettyClientSelector_1][Slf4jLoggerFactory.java:95] - closeChannel: close the connection to remote address[] result: true
[${project.name}][${env:SERVER_PORT}] 2021-11-27 21:10:24,099 INFO [NettyClientSelector_1][Slf4jLoggerFactory.java:95] - closeChannel: close the connection to remote address[] result: true
[${project.name}][${env:SERVER_PORT}] 2021-11-27 21:10:24,108 INFO [NettyClientSelector_1][Slf4jLoggerFactory.java:95] - closeChannel: close the connection to remote address[] result: true
[${project.name}][${env:SERVER_PORT}] 2021-11-27 21:10:54,099 INFO [NettyClientSelector_1][Slf4jLoggerFactory.java:95] - closeChannel: close the connection to remote address[] result: true
[${project.name}][${env:SERVER_PORT}] 2021-11-27 21:10:54,108 INFO [NettyClientSelector_1][Slf4jLoggerFactory.java:95] - closeChannel: close the connection to remote address[] result: true
[${project.name}][${env:SERVER_PORT}] 2021-11-27 21:11:24,098 INFO [NettyClientSelector_1][Slf4jLoggerFactory.java:95] - closeChannel: close the connection to remote address[] result: true
[${project.name}][${env:SERVER_PORT}] 2021-11-27 21:11:24,107 INFO [NettyClientSelector_1][Slf4jLoggerFactory.java:95] - closeChannel: close the connection to remote address[] result: true
[${project.name}][${env:SERVER_PORT}] 2021-11-27 21:11:54,098 INFO [NettyClientSelector_1][Slf4jLoggerFactory.java:95] - closeChannel: close the connection to remote address[] result: true
[${project.name}][${env:SERVER_PORT}] 2021-11-27 21:11:54,107 INFO [NettyClientSelector_1][Slf4jLoggerFactory.java:95] - closeChannel: close the connection to remote address[] result: true
[${project.name}][${env:SERVER_PORT}] 2021-11-27 21:12:24,095 INFO [NettyClientSelector_1][Slf4jLoggerFactory.java:95] - closeChannel: close the connection to remote address[] result: true
[${project.name}][${env:SERVER_PORT}] 2021-11-27 21:12:24,105 INFO [NettyClientSelector_1][Slf4jLoggerFactory.java:95] - closeChannel: close the connection to remote address[] result: true
[${project.name}][${env:SERVER_PORT}] 2021-11-27 21:12:54,097 INFO [NettyClientSelector_1][Slf4jLoggerFactory.java:95] - closeChannel: close the connection to remote address[] result: true
[${project.name}][${env:SERVER_PORT}] 2021-11-27 21:12:54,107 INFO [NettyClientSelector_1][Slf4jLoggerFactory.java:95] - closeChannel: close the connection to remote address[] result: true
[${project.name}][${env:SERVER_PORT}] 2021-11-27 21:13:24,096 INFO [NettyClientSelector_1][Slf4jLoggerFactory.java:95] - closeChannel: close the connection to remote address[] result: true
[${project.name}][${env:SERVER_PORT}] 2021-11-27 21:13:24,108 INFO [NettyClientSelector_1][Slf4jLoggerFactory.java:95] - closeChannel: close the connection to remote address[] result: true
[${project.name}][${env:SERVER_PORT}] 2021-11-27 21:13:54,095 INFO [NettyClientSelector_1][Slf4jLoggerFactory.java:95] - closeChannel: close the connection to remote address[] result: true
[${project.name}][${env:SERVER_PORT}] 2021-11-27 21:13:54,106 INFO [NettyClientSelector_1][Slf4jLoggerFactory.java:95] - closeChannel: close the connection to remote address[] result: true
[${project.name}][${env:SERVER_PORT}] 2021-11-27 21:14:00,348 INFO [AsyncResolver-bootstrap-executor-0][ConfigClusterResolver.java:43] - Resolving eureka endpoints via configuration
[${project.name}][${env:SERVER_PORT}] 2021-11-27 21:14:24,102 INFO [NettyClientSelector_1][Slf4jLoggerFactory.java:95] - closeChannel: close the connection to remote address[] result: true
[${project.name}][${env:SERVER_PORT}] 2021-11-27 21:14:24,112 INFO [NettyClientSelector_1][Slf4jLoggerFactory.java:95] - closeChannel: close the connection to remote address[] result: true
[${project.name}][${env:SERVER_PORT}] 2021-11-27 21:14:54,103 INFO [NettyClientSelector_1][Slf4jLoggerFactory.java:95] - closeChannel: close the connection to remote address[] result: true
[${project.name}][${env:SERVER_PORT}] 2021-11-27 21:14:54,113 INFO [NettyClientSelector_1][Slf4jLoggerFactory.java:95] - closeChannel: close the connection to remote address[] result: true
[${project.name}][${env:SERVER_PORT}] 2021-11-27 21:15:24,103 INFO [NettyClientSelector_1][Slf4jLoggerFactory.java:95] - closeChannel: close the connection to remote address[] result: true
[${project.name}][${env:SERVER_PORT}] 2021-11-27 21:15:24,113 INFO [NettyClientSelector_1][Slf4jLoggerFactory.java:95] - closeChannel: close the connection to remote address[] result: true
[${project.name}][${env:SERVER_PORT}] 2021-11-27 21:15:54,104 INFO [NettyClientSelector_1][Slf4jLoggerFactory.java:95] - closeChannel: close the connection to remote address[] result: true
[${project.name}][${env:SERVER_PORT}] 2021-11-27 21:15:54,115 INFO [NettyClientSelector_1][Slf4jLoggerFactory.java:95] - closeChannel: close the connection to remote address[] result: true
[${project.name}][${env:SERVER_PORT}] 2021-11-27 21:16:24,103 INFO [NettyClientSelector_1][Slf4jLoggerFactory.java:95] - closeChannel: close the connection to remote address[] result: true
[${project.name}][${env:SERVER_PORT}] 2021-11-27 21:16:24,113 INFO [NettyClientSelector_1][Slf4jLoggerFactory.java:95] - closeChannel: close the connection to remote address[] result: true
[${project.name}][${env:SERVER_PORT}] 2021-11-27 21:16:54,103 INFO [NettyClientSelector_1][Slf4jLoggerFactory.java:95] - closeChannel: close the connection to remote address[] result: true
[${project.name}][${env:SERVER_PORT}] 2021-11-27 21:16:54,111 INFO [NettyClientSelector_1][Slf4jLoggerFactory.java:95] - closeChannel: close the connection to remote address[] result: true
[${project.name}][${env:SERVER_PORT}] 2021-11-27 21:17:24,101 INFO [NettyClientSelector_1][Slf4jLoggerFactory.java:95] - closeChannel: close the connection to remote address[] result: true
[${project.name}][${env:SERVER_PORT}] 2021-11-27 21:17:24,111 INFO [NettyClientSelector_1][Slf4jLoggerFactory.java:95] - closeChannel: close the connection to remote address[] result: true
[${project.name}][${env:SERVER_PORT}] 2021-11-27 21:17:54,102 INFO [NettyClientSelector_1][Slf4jLoggerFactory.java:95] - closeChannel: close the connection to remote address[] result: true
[${project.name}][${env:SERVER_PORT}] 2021-11-27 21:17:54,116 INFO [NettyClientSelector_1][Slf4jLoggerFactory.java:95] - closeChannel: close the connection to remote address[] result: true
[${project.name}][${env:SERVER_PORT}] 2021-11-27 21:18:24,103 INFO [NettyClientSelector_1][Slf4jLoggerFactory.java:95] - closeChannel: close the connection to remote address[] result: true
[${project.name}][${env:SERVER_PORT}] 2021-11-27 21:18:24,117 INFO [NettyClientSelector_1][Slf4jLoggerFactory.java:95] - closeChannel: close the connection to remote address[] result: true
[${project.name}][${env:SERVER_PORT}] 2021-11-27 21:18:54,103 INFO [NettyClientSelector_1][Slf4jLoggerFactory.java:95] - closeChannel: close the connection to remote address[] result: true
[${project.name}][${env:SERVER_PORT}] 2021-11-27 21:18:54,112 INFO [NettyClientSelector_1][Slf4jLoggerFactory.java:95] - closeChannel: close the connection to remote address[] result: true
[${project.name}][${env:SERVER_PORT}] 2021-11-27 21:19:00,357 INFO [AsyncResolver-bootstrap-executor-0][ConfigClusterResolver.java:43] - Resolving eureka endpoints via configuration
[${project.name}][${env:SERVER_PORT}] 2021-11-27 21:19:24,101 INFO [NettyClientSelector_1][Slf4jLoggerFactory.java:95] - closeChannel: close the connection to remote address[] result: true
[${project.name}][${env:SERVER_PORT}] 2021-11-27 21:19:24,111 INFO [NettyClientSelector_1][Slf4jLoggerFactory.java:95] - closeChannel: close the connection to remote address[] result: true
[${project.name}][${env:SERVER_PORT}] 2021-11-27 21:19:54,101 INFO [NettyClientSelector_1][Slf4jLoggerFactory.java:95] - closeChannel: close the connection to remote address[] result: true
[${project.name}][${env:SERVER_PORT}] 2021-11-27 21:19:54,110 INFO [NettyClientSelector_1][Slf4jLoggerFactory.java:95] - closeChannel: close the connection to remote address[] result: true
[${project.name}][${env:SERVER_PORT}] 2021-11-27 21:20:24,100 INFO [NettyClientSelector_1][Slf4jLoggerFactory.java:95] - closeChannel: close the connection to remote address[] result: true
[${project.name}][${env:SERVER_PORT}] 2021-11-27 21:20:24,111 INFO [NettyClientSelector_1][Slf4jLoggerFactory.java:95] - closeChannel: close the connection to remote address[] result: true
[${project.name}][${env:SERVER_PORT}] 2021-11-27 21:20:54,102 INFO [NettyClientSelector_1][Slf4jLoggerFactory.java:95] - closeChannel: close the connection to remote address[] result: true
[${project.name}][${env:SERVER_PORT}] 2021-11-27 21:20:54,110 INFO [NettyClientSelector_1][Slf4jLoggerFactory.java:95] - closeChannel: close the connection to remote address[] result: true
[${project.name}][${env:SERVER_PORT}] 2021-11-27 21:21:24,099 INFO [NettyClientSelector_1][Slf4jLoggerFactory.java:95] - closeChannel: close the connection to remote address[] result: true
[${project.name}][${env:SERVER_PORT}] 2021-11-27 21:21:24,111 INFO [NettyClientSelector_1][Slf4jLoggerFactory.java:95] - closeChannel: close the connection to remote address[] result: true
[${project.name}][${env:SERVER_PORT}] 2021-11-27 21:21:54,103 INFO [NettyClientSelector_1][Slf4jLoggerFactory.java:95] - closeChannel: close the connection to remote address[] result: true
[${project.name}][${env:SERVER_PORT}] 2021-11-27 21:21:54,110 INFO [NettyClientSelector_1][Slf4jLoggerFactory.java:95] - closeChannel: close the connection to remote address[] result: true
[${project.name}][${env:SERVER_PORT}] 2021-11-27 21:22:24,105 INFO [NettyClientSelector_1][Slf4jLoggerFactory.java:95] - closeChannel: close the connection to remote address[] result: true
[${project.name}][${env:SERVER_PORT}] 2021-11-27 21:22:24,116 INFO [NettyClientSelector_1][Slf4jLoggerFactory.java:95] - closeChannel: close the connection to remote address[] result: true
[${project.name}][${env:SERVER_PORT}] 2021-11-27 21:22:54,105 INFO [NettyClientSelector_1][Slf4jLoggerFactory.java:95] - closeChannel: close the connection to remote address[] result: true
[${project.name}][${env:SERVER_PORT}] 2021-11-27 21:22:54,118 INFO [NettyClientSelector_1][Slf4jLoggerFactory.java:95] - closeChannel: close the connection to remote address[] result: true
[${project.name}][${env:SERVER_PORT}] 2021-11-27 21:23:24,106 INFO [NettyClientSelector_1][Slf4jLoggerFactory.java:95] - closeChannel: close the connection to remote address[] result: true
[${project.name}][${env:SERVER_PORT}] 2021-11-27 21:23:24,120 INFO [NettyClientSelector_1][Slf4jLoggerFactory.java:95] - closeChannel: close the connection to remote address[] result: true
[${project.name}][${env:SERVER_PORT}] 2021-11-27 21:23:54,105 INFO [NettyClientSelector_1][Slf4jLoggerFactory.java:95] - closeChannel: close the connection to remote address[] result: true
[${project.name}][${env:SERVER_PORT}] 2021-11-27 21:23:54,115 INFO [NettyClientSelector_1][Slf4jLoggerFactory.java:95] - closeChannel: close the connection to remote address[] result: true
[${project.name}][${env:SERVER_PORT}] 2021-11-27 21:24:00,366 INFO [AsyncResolver-bootstrap-executor-0][ConfigClusterResolver.java:43] - Resolving eureka endpoints via configuration
[${project.name}][${env:SERVER_PORT}] 2021-11-27 21:24:24,106 INFO [NettyClientSelector_1][Slf4jLoggerFactory.java:95] - closeChannel: close the connection to remote address[] result: true
[${project.name}][${env:SERVER_PORT}] 2021-11-27 21:24:24,114 INFO [NettyClientSelector_1][Slf4jLoggerFactory.java:95] - closeChannel: close the connection to remote address[] result: true
[${project.name}][${env:SERVER_PORT}] 2021-11-27 21:24:54,107 INFO [NettyClientSelector_1][Slf4jLoggerFactory.java:95] - closeChannel: close the connection to remote address[] result: true
[${project.name}][${env:SERVER_PORT}] 2021-11-27 21:24:54,116 INFO [NettyClientSelector_1][Slf4jLoggerFactory.java:95] - closeChannel: close the connection to remote address[] result: true
[${project.name}][${env:SERVER_PORT}] 2021-11-27 21:25:24,103 INFO [NettyClientSelector_1][Slf4jLoggerFactory.java:95] - closeChannel: close the connection to remote address[] result: true
[${project.name}][${env:SERVER_PORT}] 2021-11-27 21:25:24,118 INFO [NettyClientSelector_1][Slf4jLoggerFactory.java:95] - closeChannel: close the connection to remote address[] result: true
[${project.name}][${env:SERVER_PORT}] 2021-11-27 21:25:54,103 INFO [NettyClientSelector_1][Slf4jLoggerFactory.java:95] - closeChannel: close the connection to remote address[] result: true
[${project.name}][${env:SERVER_PORT}] 2021-11-27 21:25:54,115 INFO [NettyClientSelector_1][Slf4jLoggerFactory.java:95] - closeChannel: close the connection to remote address[] result: true
[${project.name}][${env:SERVER_PORT}] 2021-11-27 21:26:24,102 INFO [NettyClientSelector_1][Slf4jLoggerFactory.java:95] - closeChannel: close the connection to remote address[] result: true
[${project.name}][${env:SERVER_PORT}] 2021-11-27 21:26:24,113 INFO [NettyClientSelector_1][Slf4jLoggerFactory.java:95] - closeChannel: close the connection to remote address[] result: true
[${project.name}][${env:SERVER_PORT}] 2021-11-27 21:26:54,103 INFO [NettyClientSelector_1][Slf4jLoggerFactory.java:95] - closeChannel: close the connection to remote address[] result: true
[${project.name}][${env:SERVER_PORT}] 2021-11-27 21:26:54,116 INFO [NettyClientSelector_1][Slf4jLoggerFactory.java:95] - closeChannel: close the connection to remote address[] result: true
[${project.name}][${env:SERVER_PORT}] 2021-11-27 21:27:24,105 INFO [NettyClientSelector_1][Slf4jLoggerFactory.java:95] - closeChannel: close the connection to remote address[] result: true
[${project.name}][${env:SERVER_PORT}] 2021-11-27 21:27:24,113 INFO [NettyClientSelector_1][Slf4jLoggerFactory.java:95] - closeChannel: close the connection to remote address[] result: true
[${project.name}][${env:SERVER_PORT}] 2021-11-27 21:27:54,103 INFO [NettyClientSelector_1][Slf4jLoggerFactory.java:95] - closeChannel: close the connection to remote address[] result: true
[${project.name}][${env:SERVER_PORT}] 2021-11-27 21:27:54,113 INFO [NettyClientSelector_1][Slf4jLoggerFactory.java:95] - closeChannel: close the connection to remote address[] result: true
[${project.name}][${env:SERVER_PORT}] 2021-11-27 21:28:24,103 INFO [NettyClientSelector_1][Slf4jLoggerFactory.java:95] - closeChannel: close the connection to remote address[] result: true
[${project.name}][${env:SERVER_PORT}] 2021-11-27 21:28:24,112 INFO [NettyClientSelector_1][Slf4jLoggerFactory.java:95] - closeChannel: close the connection to remote address[] result: true
[${project.name}][${env:SERVER_PORT}] 2021-11-27 21:28:54,101 INFO [NettyClientSelector_1][Slf4jLoggerFactory.java:95] - closeChannel: close the connection to remote address[] result: true
[${project.name}][${env:SERVER_PORT}] 2021-11-27 21:28:54,112 INFO [NettyClientSelector_1][Slf4jLoggerFactory.java:95] - closeChannel: close the connection to remote address[] result: true
[${project.name}][${env:SERVER_PORT}] 2021-11-27 21:29:00,372 INFO [AsyncResolver-bootstrap-executor-0][ConfigClusterResolver.java:43] - Resolving eureka endpoints via configuration
[${project.name}][${env:SERVER_PORT}] 2021-11-27 21:29:24,101 INFO [NettyClientSelector_1][Slf4jLoggerFactory.java:95] - closeChannel: close the connection to remote address[] result: true
[${project.name}][${env:SERVER_PORT}] 2021-11-27 21:29:24,111 INFO [NettyClientSelector_1][Slf4jLoggerFactory.java:95] - closeChannel: close the connection to remote address[] result: true
[${project.name}][${env:SERVER_PORT}] 2021-11-27 21:29:54,102 INFO [NettyClientSelector_1][Slf4jLoggerFactory.java:95] - closeChannel: close the connection to remote address[] result: true
[${project.name}][${env:SERVER_PORT}] 2021-11-27 21:29:54,111 INFO [NettyClientSelector_1][Slf4jLoggerFactory.java:95] - closeChannel: close the connection to remote address[] result: true
[${project.name}][${env:SERVER_PORT}] 2021-11-27 21:30:24,102 INFO [NettyClientSelector_1][Slf4jLoggerFactory.java:95] - closeChannel: close the connection to remote address[] result: true
[${project.name}][${env:SERVER_PORT}] 2021-11-27 21:30:24,109 INFO [NettyClientSelector_1][Slf4jLoggerFactory.java:95] - closeChannel: close the connection to remote address[] result: true
[${project.name}][${env:SERVER_PORT}] 2021-11-27 21:30:54,112 INFO [NettyClientSelector_1][Slf4jLoggerFactory.java:95] - closeChannel: close the connection to remote address[] result: true
[${project.name}][${env:SERVER_PORT}] 2021-11-27 21:30:54,123 INFO [NettyClientSelector_1][Slf4jLoggerFactory.java:95] - closeChannel: close the connection to remote address[] result: true
[${project.name}][${env:SERVER_PORT}] 2021-11-27 21:31:24,134 INFO [NettyClientSelector_1][Slf4jLoggerFactory.java:95] - closeChannel: close the connection to remote address[] result: true
[${project.name}][${env:SERVER_PORT}] 2021-11-27 21:31:24,144 INFO [NettyClientSelector_1][Slf4jLoggerFactory.java:95] - closeChannel: close the connection to remote address[] result: true
[${project.name}][${env:SERVER_PORT}] 2021-11-27 21:31:54,136 INFO [NettyClientSelector_1][Slf4jLoggerFactory.java:95] - closeChannel: close the connection to remote address[] result: true
[${project.name}][${env:SERVER_PORT}] 2021-11-27 21:31:54,147 INFO [NettyClientSelector_1][Slf4jLoggerFactory.java:95] - closeChannel: close the connection to remote address[] result: true
[${project.name}][${env:SERVER_PORT}] 2021-11-27 21:32:24,136 INFO [NettyClientSelector_1][Slf4jLoggerFactory.java:95] - closeChannel: close the connection to remote address[] result: true
[${project.name}][${env:SERVER_PORT}] 2021-11-27 21:32:24,150 INFO [NettyClientSelector_1][Slf4jLoggerFactory.java:95] - closeChannel: close the connection to remote address[] result: true
[${project.name}][${env:SERVER_PORT}] 2021-11-27 21:32:54,137 INFO [NettyClientSelector_1][Slf4jLoggerFactory.java:95] - closeChannel: close the connection to remote address[] result: true
[${project.name}][${env:SERVER_PORT}] 2021-11-27 21:32:54,150 INFO [NettyClientSelector_1][Slf4jLoggerFactory.java:95] - closeChannel: close the connection to remote address[] result: true
[${project.name}][${env:SERVER_PORT}] 2021-11-27 21:33:24,137 INFO [NettyClientSelector_1][Slf4jLoggerFactory.java:95] - closeChannel: close the connection to remote address[] result: true
[${project.name}][${env:SERVER_PORT}] 2021-11-27 21:33:24,148 INFO [NettyClientSelector_1][Slf4jLoggerFactory.java:95] - closeChannel: close the connection to remote address[] result: true
[${project.name}][${env:SERVER_PORT}] 2021-11-27 21:33:54,137 INFO [NettyClientSelector_1][Slf4jLoggerFactory.java:95] - closeChannel: close the connection to remote address[] result: true
[${project.name}][${env:SERVER_PORT}] 2021-11-27 21:33:54,146 INFO [NettyClientSelector_1][Slf4jLoggerFactory.java:95] - closeChannel: close the connection to remote address[] result: true
[${project.name}][${env:SERVER_PORT}] 2021-11-27 21:34:00,415 INFO [AsyncResolver-bootstrap-executor-0][ConfigClusterResolver.java:43] - Resolving eureka endpoints via configuration
[${project.name}][${env:SERVER_PORT}] 2021-11-27 21:34:24,136 INFO [NettyClientSelector_1][Slf4jLoggerFactory.java:95] - closeChannel: close the connection to remote address[] result: true
[${project.name}][${env:SERVER_PORT}] 2021-11-27 21:34:24,147 INFO [NettyClientSelector_1][Slf4jLoggerFactory.java:95] - closeChannel: close the connection to remote address[] result: true
[${project.name}][${env:SERVER_PORT}] 2021-11-27 21:34:54,137 INFO [NettyClientSelector_1][Slf4jLoggerFactory.java:95] - closeChannel: close the connection to remote address[] result: true
[${project.name}][${env:SERVER_PORT}] 2021-11-27 21:34:54,147 INFO [NettyClientSelector_1][Slf4jLoggerFactory.java:95] - closeChannel: close the connection to remote address[] result: true
[${project.name}][${env:SERVER_PORT}] 2021-11-27 21:35:24,137 INFO [NettyClientSelector_1][Slf4jLoggerFactory.java:95] - closeChannel: close the connection to remote address[] result: true
[${project.name}][${env:SERVER_PORT}] 2021-11-27 21:35:24,146 INFO [NettyClientSelector_1][Slf4jLoggerFactory.java:95] - closeChannel: close the connection to remote address[] result: true
[${project.name}][${env:SERVER_PORT}] 2021-11-27 21:35:54,135 INFO [NettyClientSelector_1][Slf4jLoggerFactory.java:95] - closeChannel: close the connection to remote address[] result: true
[${project.name}][${env:SERVER_PORT}] 2021-11-27 21:35:54,147 INFO [NettyClientSelector_1][Slf4jLoggerFactory.java:95] - closeChannel: close the connection to remote address[] result: true
[${project.name}][${env:SERVER_PORT}] 2021-11-27 21:36:24,137 INFO [NettyClientSelector_1][Slf4jLoggerFactory.java:95] - closeChannel: close the connection to remote address[] result: true
[${project.name}][${env:SERVER_PORT}] 2021-11-27 21:36:24,146 INFO [NettyClientSelector_1][Slf4jLoggerFactory.java:95] - closeChannel: close the connection to remote address[] result: true
[${project.name}][${env:SERVER_PORT}] 2021-11-27 21:36:54,135 INFO [NettyClientSelector_1][Slf4jLoggerFactory.java:95] - closeChannel: close the connection to remote address[] result: true
[${project.name}][${env:SERVER_PORT}] 2021-11-27 21:36:54,144 INFO [NettyClientSelector_1][Slf4jLoggerFactory.java:95] - closeChannel: close the connection to remote address[] result: true
[${project.name}][${env:SERVER_PORT}] 2021-11-27 21:37:24,136 INFO [NettyClientSelector_1][Slf4jLoggerFactory.java:95] - closeChannel: close the connection to remote address[] result: true
[${project.name}][${env:SERVER_PORT}] 2021-11-27 21:37:24,146 INFO [NettyClientSelector_1][Slf4jLoggerFactory.java:95] - closeChannel: close the connection to remote address[] result: true
[${project.name}][${env:SERVER_PORT}] 2021-11-27 21:37:54,142 INFO [NettyClientSelector_1][Slf4jLoggerFactory.java:95] - closeChannel: close the connection to remote address[] result: true
[${project.name}][${env:SERVER_PORT}] 2021-11-27 21:37:54,152 INFO [NettyClientSelector_1][Slf4jLoggerFactory.java:95] - closeChannel: close the connection to remote address[] result: true
[${project.name}][${env:SERVER_PORT}] 2021-11-27 21:38:24,141 INFO [NettyClientSelector_1][Slf4jLoggerFactory.java:95] - closeChannel: close the connection to remote address[] result: true
[${project.name}][${env:SERVER_PORT}] 2021-11-27 21:38:24,153 INFO [NettyClientSelector_1][Slf4jLoggerFactory.java:95] - closeChannel: close the connection to remote address[] result: true
[${project.name}][${env:SERVER_PORT}] 2021-11-27 21:38:54,140 INFO [NettyClientSelector_1][Slf4jLoggerFactory.java:95] - closeChannel: close the connection to remote address[] result: true
[${project.name}][${env:SERVER_PORT}] 2021-11-27 21:38:54,154 INFO [NettyClientSelector_1][Slf4jLoggerFactory.java:95] - closeChannel: close the connection to remote address[] result: true
[${project.name}][${env:SERVER_PORT}] 2021-11-27 21:39:00,421 INFO [AsyncResolver-bootstrap-executor-0][ConfigClusterResolver.java:43] - Resolving eureka endpoints via configuration
[${project.name}][${env:SERVER_PORT}] 2021-11-27 21:39:24,140 INFO [NettyClientSelector_1][Slf4jLoggerFactory.java:95] - closeChannel: close the connection to remote address[] result: true
[${project.name}][${env:SERVER_PORT}] 2021-11-27 21:39:24,151 INFO [NettyClientSelector_1][Slf4jLoggerFactory.java:95] - closeChannel: close the connection to remote address[] result: true
[${project.name}][${env:SERVER_PORT}] 2021-11-27 21:39:54,140 INFO [NettyClientSelector_1][Slf4jLoggerFactory.java:95] - closeChannel: close the connection to remote address[] result: true
[${project.name}][${env:SERVER_PORT}] 2021-11-27 21:39:54,154 INFO [NettyClientSelector_1][Slf4jLoggerFactory.java:95] - closeChannel: close the connection to remote address[] result: true
[${project.name}][${env:SERVER_PORT}] 2021-11-27 21:40:24,142 INFO [NettyClientSelector_1][Slf4jLoggerFactory.java:95] - closeChannel: close the connection to remote address[] result: true
[${project.name}][${env:SERVER_PORT}] 2021-11-27 21:40:24,150 INFO [NettyClientSelector_1][Slf4jLoggerFactory.java:95] - closeChannel: close the connection to remote address[] result: true
[${project.name}][${env:SERVER_PORT}] 2021-11-27 21:40:54,143 INFO [NettyClientSelector_1][Slf4jLoggerFactory.java:95] - closeChannel: close the connection to remote address[] result: true
[${project.name}][${env:SERVER_PORT}] 2021-11-27 21:40:54,150 INFO [NettyClientSelector_1][Slf4jLoggerFactory.java:95] - closeChannel: close the connection to remote address[] result: true
[${project.name}][${env:SERVER_PORT}] 2021-11-27 21:41:24,143 INFO [NettyClientSelector_1][Slf4jLoggerFactory.java:95] - closeChannel: close the connection to remote address[] result: true
[${project.name}][${env:SERVER_PORT}] 2021-11-27 21:41:24,150 INFO [NettyClientSelector_1][Slf4jLoggerFactory.java:95] - closeChannel: close the connection to remote address[] result: true
[${project.name}][${env:SERVER_PORT}] 2021-11-27 21:41:54,140 INFO [NettyClientSelector_1][Slf4jLoggerFactory.java:95] - closeChannel: close the connection to remote address[] result: true
[${project.name}][${env:SERVER_PORT}] 2021-11-27 21:41:54,153 INFO [NettyClientSelector_1][Slf4jLoggerFactory.java:95] - closeChannel: close the connection to remote address[] result: true
[${project.name}][${env:SERVER_PORT}] 2021-11-27 21:42:24,141 INFO [NettyClientSelector_1][Slf4jLoggerFactory.java:95] - closeChannel: close the connection to remote address[] result: true
[${project.name}][${env:SERVER_PORT}] 2021-11-27 21:42:24,148 INFO [NettyClientSelector_1][Slf4jLoggerFactory.java:95] - closeChannel: close the connection to remote address[] result: true
[${project.name}][${env:SERVER_PORT}] 2021-11-27 21:42:54,139 INFO [NettyClientSelector_1][Slf4jLoggerFactory.java:95] - closeChannel: close the connection to remote address[] result: true
[${project.name}][${env:SERVER_PORT}] 2021-11-27 21:42:54,151 INFO [NettyClientSelector_1][Slf4jLoggerFactory.java:95] - closeChannel: close the connection to remote address[] result: true
[${project.name}][${env:SERVER_PORT}] 2021-11-27 21:43:24,142 INFO [NettyClientSelector_1][Slf4jLoggerFactory.java:95] - closeChannel: close the connection to remote address[] result: true
[${project.name}][${env:SERVER_PORT}] 2021-11-27 21:43:24,152 INFO [NettyClientSelector_1][Slf4jLoggerFactory.java:95] - closeChannel: close the connection to remote address[] result: true
[${project.name}][${env:SERVER_PORT}] 2021-11-27 21:43:54,141 INFO [NettyClientSelector_1][Slf4jLoggerFactory.java:95] - closeChannel: close the connection to remote address[] result: true
[${project.name}][${env:SERVER_PORT}] 2021-11-27 21:43:54,148 INFO [NettyClientSelector_1][Slf4jLoggerFactory.java:95] - closeChannel: close the connection to remote address[] result: true
[${project.name}][${env:SERVER_PORT}] 2021-11-27 21:44:00,426 INFO [AsyncResolver-bootstrap-executor-0][ConfigClusterResolver.java:43] - Resolving eureka endpoints via configuration
[${project.name}][${env:SERVER_PORT}] 2021-11-27 21:44:24,140 INFO [NettyClientSelector_1][Slf4jLoggerFactory.java:95] - closeChannel: close the connection to remote address[] result: true
[${project.name}][${env:SERVER_PORT}] 2021-11-27 21:44:24,147 INFO [NettyClientSelector_1][Slf4jLoggerFactory.java:95] - closeChannel: close the connection to remote address[] result: true
[${project.name}][${env:SERVER_PORT}] 2021-11-27 21:44:54,141 INFO [NettyClientSelector_1][Slf4jLoggerFactory.java:95] - closeChannel: close the connection to remote address[] result: true
[${project.name}][${env:SERVER_PORT}] 2021-11-27 21:44:54,150 INFO [NettyClientSelector_1][Slf4jLoggerFactory.java:95] - closeChannel: close the connection to remote address[] result: true
[${project.name}][${env:SERVER_PORT}] 2021-11-27 21:45:24,139 INFO [NettyClientSelector_1][Slf4jLoggerFactory.java:95] - closeChannel: close the connection to remote address[] result: true
[${project.name}][${env:SERVER_PORT}] 2021-11-27 21:45:24,147 INFO [NettyClientSelector_1][Slf4jLoggerFactory.java:95] - closeChannel: close the connection to remote address[] result: true
[${project.name}][${env:SERVER_PORT}] 2021-11-27 21:45:54,145 INFO [NettyClientSelector_1][Slf4jLoggerFactory.java:95] - closeChannel: close the connection to remote address[] result: true
[${project.name}][${env:SERVER_PORT}] 2021-11-27 21:45:54,155 INFO [NettyClientSelector_1][Slf4jLoggerFactory.java:95] - closeChannel: close the connection to remote address[] result: true
[${project.name}][${env:SERVER_PORT}] 2021-11-27 21:46:24,160 INFO [NettyClientSelector_1][Slf4jLoggerFactory.java:95] - closeChannel: close the connection to remote address[] result: true
[${project.name}][${env:SERVER_PORT}] 2021-11-27 21:46:24,171 INFO [NettyClientSelector_1][Slf4jLoggerFactory.java:95] - closeChannel: close the connection to remote address[] result: true
[${project.name}][${env:SERVER_PORT}] 2021-11-27 21:46:54,165 INFO [NettyClientSelector_1][Slf4jLoggerFactory.java:95] - closeChannel: close the connection to remote address[] result: true
[${project.name}][${env:SERVER_PORT}] 2021-11-27 21:46:54,173 INFO [NettyClientSelector_1][Slf4jLoggerFactory.java:95] - closeChannel: close the connection to remote address[] result: true
[${project.name}][${env:SERVER_PORT}] 2021-11-27 21:47:24,162 INFO [NettyClientSelector_1][Slf4jLoggerFactory.java:95] - closeChannel: close the connection to remote address[] result: true
[${project.name}][${env:SERVER_PORT}] 2021-11-27 21:47:24,172 INFO [NettyClientSelector_1][Slf4jLoggerFactory.java:95] - closeChannel: close the connection to remote address[] result: true
[${project.name}][${env:SERVER_PORT}] 2021-11-27 21:47:54,164 INFO [NettyClientSelector_1][Slf4jLoggerFactory.java:95] - closeChannel: close the connection to remote address[] result: true
[${project.name}][${env:SERVER_PORT}] 2021-11-27 21:47:54,172 INFO [NettyClientSelector_1][Slf4jLoggerFactory.java:95] - closeChannel: close the connection to remote address[] result: true
[${project.name}][${env:SERVER_PORT}] 2021-11-27 21:48:24,163 INFO [NettyClientSelector_1][Slf4jLoggerFactory.java:95] - closeChannel: close the connection to remote address[] result: true
[${project.name}][${env:SERVER_PORT}] 2021-11-27 21:48:24,178 INFO [NettyClientSelector_1][Slf4jLoggerFactory.java:95] - closeChannel: close the connection to remote address[] result: true
[${project.name}][${env:SERVER_PORT}] 2021-11-27 21:48:54,163 INFO [NettyClientSelector_1][Slf4jLoggerFactory.java:95] - closeChannel: close the connection to remote address[] result: true
[${project.name}][${env:SERVER_PORT}] 2021-11-27 21:48:54,176 INFO [NettyClientSelector_1][Slf4jLoggerFactory.java:95] - closeChannel: close the connection to remote address[] result: true
[${project.name}][${env:SERVER_PORT}] 2021-11-27 21:49:00,461 INFO [AsyncResolver-bootstrap-executor-0][ConfigClusterResolver.java:43] - Resolving eureka endpoints via configuration
[${project.name}][${env:SERVER_PORT}] 2021-11-27 21:49:24,164 INFO [NettyClientSelector_1][Slf4jLoggerFactory.java:95] - closeChannel: close the connection to remote address[] result: true
[${project.name}][${env:SERVER_PORT}] 2021-11-27 21:49:24,176 INFO [NettyClientSelector_1][Slf4jLoggerFactory.java:95] - closeChannel: close the connection to remote address[] result: true
[${project.name}][${env:SERVER_PORT}] 2021-11-27 21:49:54,163 INFO [NettyClientSelector_1][Slf4jLoggerFactory.java:95] - closeChannel: close the connection to remote address[] result: true
[${project.name}][${env:SERVER_PORT}] 2021-11-27 21:49:54,173 INFO [NettyClientSelector_1][Slf4jLoggerFactory.java:95] - closeChannel: close the connection to remote address[] result: true
[${project.name}][${env:SERVER_PORT}] 2021-11-27 21:50:24,164 INFO [NettyClientSelector_1][Slf4jLoggerFactory.java:95] - closeChannel: close the connection to remote address[] result: true
[${project.name}][${env:SERVER_PORT}] 2021-11-27 21:50:24,176 INFO [NettyClientSelector_1][Slf4jLoggerFactory.java:95] - closeChannel: close the connection to remote address[] result: true
[${project.name}][${env:SERVER_PORT}] 2021-11-27 21:50:54,164 INFO [NettyClientSelector_1][Slf4jLoggerFactory.java:95] - closeChannel: close the connection to remote address[] result: true
[${project.name}][${env:SERVER_PORT}] 2021-11-27 21:50:54,173 INFO [NettyClientSelector_1][Slf4jLoggerFactory.java:95] - closeChannel: close the connection to remote address[] result: true
[${project.name}][${env:SERVER_PORT}] 2021-11-27 21:51:24,164 INFO [NettyClientSelector_1][Slf4jLoggerFactory.java:95] - closeChannel: close the connection to remote address[] result: true
[${project.name}][${env:SERVER_PORT}] 2021-11-27 21:51:24,172 INFO [NettyClientSelector_1][Slf4jLoggerFactory.java:95] - closeChannel: close the connection to remote address[] result: true
[${project.name}][${env:SERVER_PORT}] 2021-11-27 21:51:54,163 INFO [NettyClientSelector_1][Slf4jLoggerFactory.java:95] - closeChannel: close the connection to remote address[] result: true
[${project.name}][${env:SERVER_PORT}] 2021-11-27 21:51:54,174 INFO [NettyClientSelector_1][Slf4jLoggerFactory.java:95] - closeChannel: close the connection to remote address[] result: true
[${project.name}][${env:SERVER_PORT}] 2021-11-27 21:52:24,163 INFO [NettyClientSelector_1][Slf4jLoggerFactory.java:95] - closeChannel: close the connection to remote address[] result: true
[${project.name}][${env:SERVER_PORT}] 2021-11-27 21:52:24,174 INFO [NettyClientSelector_1][Slf4jLoggerFactory.java:95] - closeChannel: close the connection to remote address[] result: true
[${project.name}][${env:SERVER_PORT}] 2021-11-27 21:52:54,164 INFO [NettyClientSelector_1][Slf4jLoggerFactory.java:95] - closeChannel: close the connection to remote address[] result: true
[${project.name}][${env:SERVER_PORT}] 2021-11-27 21:52:54,172 INFO [NettyClientSelector_1][Slf4jLoggerFactory.java:95] - closeChannel: close the connection to remote address[] result: true
[${project.name}][${env:SERVER_PORT}] 2021-11-27 21:53:24,162 INFO [NettyClientSelector_1][Slf4jLoggerFactory.java:95] - closeChannel: close the connection to remote address[] result: true
[${project.name}][${env:SERVER_PORT}] 2021-11-27 21:53:24,175 INFO [NettyClientSelector_1][Slf4jLoggerFactory.java:95] - closeChannel: close the connection to remote address[] result: true
[${project.name}][${env:SERVER_PORT}] 2021-11-27 21:53:54,163 INFO [NettyClientSelector_1][Slf4jLoggerFactory.java:95] - closeChannel: close the connection to remote address[] result: true
[${project.name}][${env:SERVER_PORT}] 2021-11-27 21:53:54,171 INFO [NettyClientSelector_1][Slf4jLoggerFactory.java:95] - closeChannel: close the connection to remote address[] result: true
[${project.name}][${env:SERVER_PORT}] 2021-11-27 21:54:00,469 INFO [AsyncResolver-bootstrap-executor-0][ConfigClusterResolver.java:43] - Resolving eureka endpoints via configuration
[${project.name}][${env:SERVER_PORT}] 2021-11-27 21:54:24,163 INFO [NettyClientSelector_1][Slf4jLoggerFactory.java:95] - closeChannel: close the connection to remote address[] result: true
[${project.name}][${env:SERVER_PORT}] 2021-11-27 21:54:24,175 INFO [NettyClientSelector_1][Slf4jLoggerFactory.java:95] - closeChannel: close the connection to remote address[] result: true
[${project.name}][${env:SERVER_PORT}] 2021-11-27 21:54:54,165 INFO [NettyClientSelector_1][Slf4jLoggerFactory.java:95] - closeChannel: close the connection to remote address[] result: true
[${project.name}][${env:SERVER_PORT}] 2021-11-27 21:54:54,173 INFO [NettyClientSelector_1][Slf4jLoggerFactory.java:95] - closeChannel: close the connection to remote address[] result: true
[${project.name}][${env:SERVER_PORT}] 2021-11-27 21:55:24,171 INFO [NettyClientSelector_1][Slf4jLoggerFactory.java:95] - closeChannel: close the connection to remote address[] result: true
[${project.name}][${env:SERVER_PORT}] 2021-11-27 21:55:24,179 INFO [NettyClientSelector_1][Slf4jLoggerFactory.java:95] - closeChannel: close the connection to remote address[] result: true
[${project.name}][${env:SERVER_PORT}] 2021-11-27 21:55:54,171 INFO [NettyClientSelector_1][Slf4jLoggerFactory.java:95] - closeChannel: close the connection to remote address[] result: true
[${project.name}][${env:SERVER_PORT}] 2021-11-27 21:55:54,179 INFO [NettyClientSelector_1][Slf4jLoggerFactory.java:95] - closeChannel: close the connection to remote address[] result: true
[${project.name}][${env:SERVER_PORT}] 2021-11-27 21:56:24,172 INFO [NettyClientSelector_1][Slf4jLoggerFactory.java:95] - closeChannel: close the connection to remote address[] result: true
[${project.name}][${env:SERVER_PORT}] 2021-11-27 21:56:24,181 INFO [NettyClientSelector_1][Slf4jLoggerFactory.java:95] - closeChannel: close the connection to remote address[] result: true
[${project.name}][${env:SERVER_PORT}] 2021-11-27 21:56:54,168 INFO [NettyClientSelector_1][Slf4jLoggerFactory.java:95] - closeChannel: close the connection to remote address[] result: true
[${project.name}][${env:SERVER_PORT}] 2021-11-27 21:56:54,180 INFO [NettyClientSelector_1][Slf4jLoggerFactory.java:95] - closeChannel: close the connection to remote address[] result: true
[${project.name}][${env:SERVER_PORT}] 2021-11-27 21:57:24,169 INFO [NettyClientSelector_1][Slf4jLoggerFactory.java:95] - closeChannel: close the connection to remote address[] result: true
[${project.name}][${env:SERVER_PORT}] 2021-11-27 21:57:24,181 INFO [NettyClientSelector_1][Slf4jLoggerFactory.java:95] - closeChannel: close the connection to remote address[] result: true
[${project.name}][${env:SERVER_PORT}] 2021-11-27 21:57:54,169 INFO [NettyClientSelector_1][Slf4jLoggerFactory.java:95] - closeChannel: close the connection to remote address[] result: true
[${project.name}][${env:SERVER_PORT}] 2021-11-27 21:57:54,177 INFO [NettyClientSelector_1][Slf4jLoggerFactory.java:95] - closeChannel: close the connection to remote address[] result: true
[${project.name}][${env:SERVER_PORT}] 2021-11-27 21:58:24,170 INFO [NettyClientSelector_1][Slf4jLoggerFactory.java:95] - closeChannel: close the connection to remote address[] result: true
[${project.name}][${env:SERVER_PORT}] 2021-11-27 21:58:24,182 INFO [NettyClientSelector_1][Slf4jLoggerFactory.java:95] - closeChannel: close the connection to remote address[] result: true
[${project.name}][${env:SERVER_PORT}] 2021-11-27 21:58:54,169 INFO [NettyClientSelector_1][Slf4jLoggerFactory.java:95] - closeChannel: close the connection to remote address[] result: true
[${project.name}][${env:SERVER_PORT}] 2021-11-27 21:58:54,180 INFO [NettyClientSelector_1][Slf4jLoggerFactory.java:95] - closeChannel: close the connection to remote address[] result: true
[${project.name}][${env:SERVER_PORT}] 2021-11-27 21:59:00,483 INFO [AsyncResolver-bootstrap-executor-0][ConfigClusterResolver.java:43] - Resolving eureka endpoints via configuration
[${project.name}][${env:SERVER_PORT}] 2021-11-27 21:59:24,168 INFO [NettyClientSelector_1][Slf4jLoggerFactory.java:95] - closeChannel: close the connection to remote address[] result: true
[${project.name}][${env:SERVER_PORT}] 2021-11-27 21:59:24,177 INFO [NettyClientSelector_1][Slf4jLoggerFactory.java:95] - closeChannel: close the connection to remote address[] result: true
[${project.name}][${env:SERVER_PORT}] 2021-11-27 21:59:54,172 INFO [NettyClientSelector_1][Slf4jLoggerFactory.java:95] - closeChannel: close the connection to remote address[] result: true
[${project.name}][${env:SERVER_PORT}] 2021-11-27 21:59:54,180 INFO [NettyClientSelector_1][Slf4jLoggerFactory.java:95] - closeChannel: close the connection to remote address[] result: true
